C:\PROGRA~2\MI30EB~1\VC\Bin\VCVARS32.BAT & C:\PROGRA~2\MI30EB~1\VC\Bin\NMake.exe  -f vc.mak   COMPVER=8 COMPROOT=C:\PROGRA~2\MI30EB~1\VC BCROOT=C:\PROGRA~2\MI30EB~1\VC OWLVER=630 WIN32=1 OWLROOT=C:\OWL  NO_OWL1_COMPAT=1 NO_OWL_NATIVECTRL_ALWAYS=1 BI_STD_RTL=1 BI_STD_STRING=1 MT=1


C:\OWL\Source\owlcore>"C:\Program Files (x86)\Microsoft Visual Studio 8\Common7\Tools\vsvars32.bat"

Setting environment for using Microsoft Visual Studio 2005 x86 tools.

	cl @C:\Users\chrisd\AppData\Local\Temp\nmB07F.tmp

owlpch.cpp

	cl @C:\Users\chrisd\AppData\Local\Temp\nmB273.tmp

checks.cpp

	cl @C:\Users\chrisd\AppData\Local\Temp\nmB4B5.tmp

appdict.cpp

bardescr.cpp

bitmap.cpp

bitmapga.cpp

bitset.cpp

buttonga.cpp

btntextg.cpp

celarray.cpp

checklst.cpp

chooseco.cpp

choosefo.cpp

clipboar.cpp

clipview.cpp

cmdline.cpp

colmnhdr.cpp

color.cpp

commctrl.cpp

commdial.cpp

configfl.cpp

controlb.cpp

Generating Code...

Compiling...

controlg.cpp

createdc.cpp

cstring.cpp

cursor.cpp

date.cpp

dateio.cpp

datep.cpp

datetime.cpp

dc.cpp

diaginit.cpp

dibdc.cpp

dibitmap.cpp

dispatch.cpp

docking.cpp

drawitem.cpp

dumpstack.cpp

eventhan.cpp

exbase.cpp

except.cpp

file.cpp

Generating Code...

Compiling...

filename.cpp

flatctrl.cpp

font.cpp

functor.cpp

gadget.cpp

gadgetli.cpp

gadgetwi.cpp

gauge.cpp

gdibase.cpp

gdiobjec.cpp

geometrp.cpp

geometrs.cpp

geometry.cpp

glyphbtn.cpp

hotkey.cpp

icon.cpp

imagelst.cpp

layoutwi.cpp

locale.cpp

localeco.cpp

Generating Code...

Compiling...

localeid.cpp

mailer.cpp

mci.cpp

mciwav.cpp

memory.cpp

memorydc.cpp

menu.cpp

menugadg.cpp

messageb.cpp

metafile.cpp

metafldc.cpp

modegad.cpp

modversi.cpp

msgthred.cpp

profile.cpp

notetab.cpp

objstrm.cpp

owl.cpp

paintdc.cpp

palette.cpp

Generating Code...

Compiling...

panespli.cpp

pen.cpp

picker.cpp

picklist.cpp

pictwind.cpp

popupgad.cpp

preview.cpp

prevwin.cpp

printdc.cpp

propsht.cpp

psview.cpp

rcntfile.cpp

resource.cpp

regheap.cpp

region.cpp

registry.cpp

reglink.cpp

rolldial.cpp

serialze.cpp

splashwi.cpp

Generating Code...

Compiling...

statusba.cpp

swindow.cpp

system.cpp

tabctrl.cpp

tabbed.cpp

textgadg.cpp

theme.cpp

thread.cpp

time.cpp

timegadg.cpp

timeio.cpp

timep.cpp

toolbox.cpp

tooltip.cpp

tracewnd.cpp

trayicon.cpp

uiborder.cpp

uiface.cpp

uihandle.cpp

uimetric.cpp

Generating Code...

Compiling...

uipart.cpp

updown.cpp

urllink.cpp

ustring.cpp

version.cpp

window.cpp

windowdc.cpp

wing.cpp

winsock.cpp

wskaddr.cpp

wskerr.cpp

wskhostm.cpp

wsksockm.cpp

wskservm.cpp

wsksock.cpp

wsksockd.cpp

wsyscls.cpp

wsysclsp.cpp

wsysclss.cpp

compat.cpp

Generating Code...

Compiling...

moduleob.cpp

module.cpp

applicat.cpp

brush.cpp

button.cpp

castable.cpp

checkbox.cpp

combobox.cpp

control.cpp

decframe.cpp

decmdifr.cpp

dialog.cpp

dib.cpp

docmanag.cpp

doctpl.cpp

document.cpp

edit.cpp

editfile.cpp

editsear.cpp

editview.cpp

Generating Code...

Compiling...

filedoc.cpp

filtval.cpp

findrepl.cpp

floatfra.cpp

framewin.cpp

groupbox.cpp

hslider.cpp

inputdia.cpp

listbox.cpp

listview.cpp

lookval.cpp

mdichild.cpp

mdiclien.cpp

mdiframe.cpp

memcbox.cpp

menudesc.cpp

opensave.cpp

pictval.cpp

printdia.cpp

printer.cpp

Generating Code...

Compiling...

printout.cpp

radiobut.cpp

rangeval.cpp

scrollba.cpp

scroller.cpp

slider.cpp

static.cpp

tinycapt.cpp

validate.cpp

view.cpp

vslider.cpp

stackwalker.cpp

animctrl.cpp

combobex.cpp

commview.cpp

draglist.cpp

hlpmanag.cpp

fscroll.cpp

ipaddres.cpp

listwind.cpp

Generating Code...

Compiling...

monthcal.cpp

pager.cpp

richedit.cpp

richedv.cpp

richedpr.cpp

shellitm.cpp

shelwapi.cpp

treewind.cpp

global.cpp

libmain.cpp

owlmain.cpp

initdll.cpp

winmain.cpp

main.cpp

Generating Code...

Microsoft (R) Library Manager Version 8.00.50727.762

Copyright (C) Microsoft Corporation.  All rights reserved.



.\intel\dibblt32.obj .\intel\_128supp.obj C:\OWL\Obj\owlv8t\owlpch.obj C:\OWL\Obj\owlv8t\appdict.obj C:\OWL\Obj\owlv8t\bardescr.obj C:\OWL\Obj\owlv8t\bitmap.obj C:\OWL\Obj\owlv8t\bitmapga.obj C:\OWL\Obj\owlv8t\bitset.obj C:\OWL\Obj\owlv8t\buttonga.obj C:\OWL\Obj\owlv8t\btntextg.obj C:\OWL\Obj\owlv8t\celarray.obj C:\OWL\Obj\owlv8t\checklst.obj C:\OWL\Obj\owlv8t\chooseco.obj C:\OWL\Obj\owlv8t\choosefo.obj C:\OWL\Obj\owlv8t\clipboar.obj C:\OWL\Obj\owlv8t\clipview.obj C:\OWL\Obj\owlv8t\cmdline.obj C:\OWL\Obj\owlv8t\colmnhdr.obj C:\OWL\Obj\owlv8t\color.obj C:\OWL\Obj\owlv8t\commctrl.obj C:\OWL\Obj\owlv8t\commdial.obj C:\OWL\Obj\owlv8t\configfl.obj C:\OWL\Obj\owlv8t\controlb.obj C:\OWL\Obj\owlv8t\controlg.obj C:\OWL\Obj\owlv8t\createdc.obj C:\OWL\Obj\owlv8t\cstring.obj C:\OWL\Obj\owlv8t\cursor.obj C:\OWL\Obj\owlv8t\date.obj C:\OWL\Obj\owlv8t\dateio.obj C:\OWL\Obj\owlv8t\datep.obj C:\OWL\Obj\owlv8t\datetime.obj C:\OWL\Obj\owlv8t\dc.obj C:\OWL\Obj\owlv8t\diaginit.obj C:\OWL\Obj\owlv8t\dibdc.obj C:\OWL\Obj\owlv8t\dibitmap.obj C:\OWL\Obj\owlv8t\dispatch.obj C:\OWL\Obj\owlv8t\docking.obj C:\OWL\Obj\owlv8t\drawitem.obj C:\OWL\Obj\owlv8t\dumpstack.obj C:\OWL\Obj\owlv8t\eventhan.obj C:\OWL\Obj\owlv8t\exbase.obj C:\OWL\Obj\owlv8t\except.obj C:\OWL\Obj\owlv8t\file.obj C:\OWL\Obj\owlv8t\filename.obj C:\OWL\Obj\owlv8t\flatctrl.obj C:\OWL\Obj\owlv8t\font.obj C:\OWL\Obj\owlv8t\functor.obj C:\OWL\Obj\owlv8t\gadget.obj C:\OWL\Obj\owlv8t\gadgetli.obj C:\OWL\Obj\owlv8t\gadgetwi.obj C:\OWL\Obj\owlv8t\gauge.obj C:\OWL\Obj\owlv8t\gdibase.obj C:\OWL\Obj\owlv8t\gdiobjec.obj C:\OWL\Obj\owlv8t\geometrp.obj C:\OWL\Obj\owlv8t\geometrs.obj C:\OWL\Obj\owlv8t\geometry.obj C:\OWL\Obj\owlv8t\glyphbtn.obj C:\OWL\Obj\owlv8t\hotkey.obj C:\OWL\Obj\owlv8t\icon.obj C:\OWL\Obj\owlv8t\imagelst.obj C:\OWL\Obj\owlv8t\layoutwi.obj C:\OWL\Obj\owlv8t\locale.obj C:\OWL\Obj\owlv8t\localeco.obj C:\OWL\Obj\owlv8t\localeid.obj C:\OWL\Obj\owlv8t\mailer.obj C:\OWL\Obj\owlv8t\mci.obj C:\OWL\Obj\owlv8t\mciwav.obj C:\OWL\Obj\owlv8t\memory.obj C:\OWL\Obj\owlv8t\memorydc.obj C:\OWL\Obj\owlv8t\menu.obj C:\OWL\Obj\owlv8t\menugadg.obj C:\OWL\Obj\owlv8t\messageb.obj C:\OWL\Obj\owlv8t\metafile.obj C:\OWL\Obj\owlv8t\metafldc.obj C:\OWL\Obj\owlv8t\modegad.obj C:\OWL\Obj\owlv8t\modversi.obj C:\OWL\Obj\owlv8t\msgthred.obj C:\OWL\Obj\owlv8t\profile.obj C:\OWL\Obj\owlv8t\notetab.obj C:\OWL\Obj\owlv8t\objstrm.obj C:\OWL\Obj\owlv8t\owl.obj C:\OWL\Obj\owlv8t\paintdc.obj C:\OWL\Obj\owlv8t\palette.obj C:\OWL\Obj\owlv8t\panespli.obj C:\OWL\Obj\owlv8t\pen.obj C:\OWL\Obj\owlv8t\picker.obj C:\OWL\Obj\owlv8t\picklist.obj C:\OWL\Obj\owlv8t\pictwind.obj C:\OWL\Obj\owlv8t\popupgad.obj C:\OWL\Obj\owlv8t\preview.obj C:\OWL\Obj\owlv8t\prevwin.obj C:\OWL\Obj\owlv8t\printdc.obj C:\OWL\Obj\owlv8t\propsht.obj C:\OWL\Obj\owlv8t\psview.obj C:\OWL\Obj\owlv8t\rcntfile.obj C:\OWL\Obj\owlv8t\resource.obj C:\OWL\Obj\owlv8t\regheap.obj C:\OWL\Obj\owlv8t\region.obj C:\OWL\Obj\owlv8t\registry.obj C:\OWL\Obj\owlv8t\reglink.obj C:\OWL\Obj\owlv8t\rolldial.obj C:\OWL\Obj\owlv8t\serialze.obj C:\OWL\Obj\owlv8t\splashwi.obj C:\OWL\Obj\owlv8t\statusba.obj C:\OWL\Obj\owlv8t\swindow.obj C:\OWL\Obj\owlv8t\system.obj C:\OWL\Obj\owlv8t\tabctrl.obj C:\OWL\Obj\owlv8t\tabbed.obj C:\OWL\Obj\owlv8t\textgadg.obj C:\OWL\Obj\owlv8t\theme.obj C:\OWL\Obj\owlv8t\thread.obj C:\OWL\Obj\owlv8t\time.obj C:\OWL\Obj\owlv8t\timegadg.obj C:\OWL\Obj\owlv8t\timeio.obj C:\OWL\Obj\owlv8t\timep.obj C:\OWL\Obj\owlv8t\toolbox.obj C:\OWL\Obj\owlv8t\tooltip.obj C:\OWL\Obj\owlv8t\tracewnd.obj C:\OWL\Obj\owlv8t\trayicon.obj C:\OWL\Obj\owlv8t\uiborder.obj C:\OWL\Obj\owlv8t\uiface.obj C:\OWL\Obj\owlv8t\uihandle.obj C:\OWL\Obj\owlv8t\uimetric.obj C:\OWL\Obj\owlv8t\uipart.obj C:\OWL\Obj\owlv8t\updown.obj C:\OWL\Obj\owlv8t\urllink.obj C:\OWL\Obj\owlv8t\ustring.obj C:\OWL\Obj\owlv8t\version.obj C:\OWL\Obj\owlv8t\window.obj C:\OWL\Obj\owlv8t\windowdc.obj C:\OWL\Obj\owlv8t\wing.obj C:\OWL\Obj\owlv8t\winsock.obj C:\OWL\Obj\owlv8t\wskaddr.obj C:\OWL\Obj\owlv8t\wskerr.obj C:\OWL\Obj\owlv8t\wskhostm.obj C:\OWL\Obj\owlv8t\wsksockm.obj C:\OWL\Obj\owlv8t\wskservm.obj C:\OWL\Obj\owlv8t\wsksock.obj C:\OWL\Obj\owlv8t\wsksockd.obj C:\OWL\Obj\owlv8t\wsyscls.obj C:\OWL\Obj\owlv8t\wsysclsp.obj C:\OWL\Obj\owlv8t\wsysclss.obj C:\OWL\Obj\owlv8t\compat.obj C:\OWL\Obj\owlv8t\moduleob.obj C:\OWL\Obj\owlv8t\checks.obj C:\OWL\Obj\owlv8t\module.obj C:\OWL\Obj\owlv8t\applicat.obj C:\OWL\Obj\owlv8t\brush.obj C:\OWL\Obj\owlv8t\button.obj C:\OWL\Obj\owlv8t\castable.obj C:\OWL\Obj\owlv8t\checkbox.obj C:\OWL\Obj\owlv8t\combobox.obj C:\OWL\Obj\owlv8t\control.obj C:\OWL\Obj\owlv8t\decframe.obj C:\OWL\Obj\owlv8t\decmdifr.obj C:\OWL\Obj\owlv8t\dialog.obj C:\OWL\Obj\owlv8t\dib.obj C:\OWL\Obj\owlv8t\docmanag.obj C:\OWL\Obj\owlv8t\doctpl.obj C:\OWL\Obj\owlv8t\document.obj C:\OWL\Obj\owlv8t\edit.obj C:\OWL\Obj\owlv8t\editfile.obj C:\OWL\Obj\owlv8t\editsear.obj C:\OWL\Obj\owlv8t\editview.obj C:\OWL\Obj\owlv8t\filedoc.obj C:\OWL\Obj\owlv8t\filtval.obj C:\OWL\Obj\owlv8t\findrepl.obj C:\OWL\Obj\owlv8t\floatfra.obj C:\OWL\Obj\owlv8t\framewin.obj C:\OWL\Obj\owlv8t\groupbox.obj C:\OWL\Obj\owlv8t\hslider.obj C:\OWL\Obj\owlv8t\inputdia.obj C:\OWL\Obj\owlv8t\listbox.obj C:\OWL\Obj\owlv8t\listview.obj C:\OWL\Obj\owlv8t\lookval.obj C:\OWL\Obj\owlv8t\mdichild.obj C:\OWL\Obj\owlv8t\mdiclien.obj C:\OWL\Obj\owlv8t\mdiframe.obj C:\OWL\Obj\owlv8t\memcbox.obj C:\OWL\Obj\owlv8t\menudesc.obj C:\OWL\Obj\owlv8t\opensave.obj C:\OWL\Obj\owlv8t\pictval.obj C:\OWL\Obj\owlv8t\printdia.obj C:\OWL\Obj\owlv8t\printer.obj C:\OWL\Obj\owlv8t\printout.obj C:\OWL\Obj\owlv8t\radiobut.obj C:\OWL\Obj\owlv8t\rangeval.obj C:\OWL\Obj\owlv8t\scrollba.obj C:\OWL\Obj\owlv8t\scroller.obj C:\OWL\Obj\owlv8t\slider.obj C:\OWL\Obj\owlv8t\static.obj C:\OWL\Obj\owlv8t\tinycapt.obj C:\OWL\Obj\owlv8t\validate.obj C:\OWL\Obj\owlv8t\view.obj C:\OWL\Obj\owlv8t\vslider.obj C:\OWL\Obj\owlv8t\stackwalker.obj C:\OWL\Obj\owlv8t\animctrl.obj C:\OWL\Obj\owlv8t\combobex.obj C:\OWL\Obj\owlv8t\commview.obj C:\OWL\Obj\owlv8t\draglist.obj C:\OWL\Obj\owlv8t\hlpmanag.obj C:\OWL\Obj\owlv8t\fscroll.obj C:\OWL\Obj\owlv8t\ipaddres.obj C:\OWL\Obj\owlv8t\listwind.obj C:\OWL\Obj\owlv8t\monthcal.obj C:\OWL\Obj\owlv8t\pager.obj C:\OWL\Obj\owlv8t\richedit.obj C:\OWL\Obj\owlv8t\richedv.obj C:\OWL\Obj\owlv8t\richedpr.obj C:\OWL\Obj\owlv8t\shellitm.obj C:\OWL\Obj\owlv8t\shelwapi.obj C:\OWL\Obj\owlv8t\treewind.obj C:\OWL\Obj\owlv8t\global.obj C:\OWL\Obj\owlv8t\libmain.obj C:\OWL\Obj\owlv8t\owlmain.obj C:\OWL\Obj\owlv8t\initdll.obj C:\OWL\Obj\owlv8t\winmain.obj C:\OWL\Obj\owlv8t\main.obj 

moduleob.obj : warning LNK4221: no public symbols found; archive member will be inaccessible


ExitCode: 0
C:\PROGRA~2\MI30EB~1\VC\Bin\VCVARS32.BAT & C:\PROGRA~2\MI30EB~1\VC\Bin\NMake.exe  -f vc.mak   COMPVER=8 COMPROOT=C:\PROGRA~2\MI30EB~1\VC BCROOT=C:\PROGRA~2\MI30EB~1\VC OWLVER=630 WIN32=1 OWLROOT=C:\OWL  NO_OWL1_COMPAT=1 NO_OWL_NATIVECTRL_ALWAYS=1 BI_STD_RTL=1 BI_STD_STRING=1 MT=1


C:\OWL\Source\ocf>"C:\Program Files (x86)\Microsoft Visual Studio 8\Common7\Tools\vsvars32.bat"

Setting environment for using Microsoft Visual Studio 2005 x86 tools.

	cl @C:\Users\chrisd\AppData\Local\Temp\nmF7AC.tmp

ocfpch.cpp

	cl /D_OCFPCH /D_OWLPCH /D_X86_ /FoC:\OWL\Obj\ocfv8t\ /W3 /Zl /EHsc /GR /Gm- /O1 /Gy   /MT /IC:\OWL\include /I.\ /DBI_NOINCLUDE_NS_OWL /D_CRT_NONSTDC_NO_DEPRECATE /D_CRT_SECURE_NO_DEPRECATE /D_CRT_NON_CONFORMING_SWPRINTFS /D_SCL_SECURE_NO_WARNINGS       /Yu"ocf/pch.h" /FpC:\OWL\Obj\ocfv8t\ocfpch.pch /c version.cpp 

version.cpp

	cl @C:\Users\chrisd\AppData\Local\Temp\nmFA2C.tmp

ocguid.cpp

	cl @C:\Users\chrisd\AppData\Local\Temp\nmFC01.tmp

appdesc.cpp

autocli.cpp

autodisp.cpp

autoiter.cpp

autostck.cpp

autosrv.cpp

autosym.cpp

autoval.cpp

occtrl.cpp

occtrl.cpp(687) : warning C4244: '=' : conversion from 'UINT' to 'float', possible loss of data

occtrl.cpp(688) : warning C4244: '=' : conversion from 'UINT' to 'float', possible loss of data

occtrl.cpp(757) : warning C4390: ';' : empty controlled statement found; is this the intent?

ocreg.cpp

ocstorag.cpp

oleutil.cpp

oledialg.cpp

oledoc.cpp

oleview.cpp

oleframe.cpp

olemdifr.cpp

olewindo.cpp

stgdoc.cpp

typelib.cpp

Generating Code...

c:\owl\source\ocf\autoval.cpp(742) : warning C4715: 'OCF::TAutoVal::operator _LARGE_INTEGER' : not all control paths return a value

c:\owl\source\ocf\autoval.cpp(749) : warning C4715: 'OCF::TAutoVal::operator _ULARGE_INTEGER' : not all control paths return a value

Compiling...

ocapp.cpp

ocdoc.cpp

ocpart.cpp

ocremvie.cpp

ocdata.cpp

oclink.cpp

ocview.cpp

except.cpp

Generating Code...

Microsoft (R) Library Manager Version 8.00.50727.762

Copyright (C) Microsoft Corporation.  All rights reserved.



C:\OWL\Obj\ocfv8t\ocfpch.obj C:\OWL\Obj\ocfv8t\appdesc.obj C:\OWL\Obj\ocfv8t\autocli.obj C:\OWL\Obj\ocfv8t\autodisp.obj C:\OWL\Obj\ocfv8t\autoiter.obj C:\OWL\Obj\ocfv8t\autostck.obj C:\OWL\Obj\ocfv8t\autosrv.obj C:\OWL\Obj\ocfv8t\autosym.obj C:\OWL\Obj\ocfv8t\autoval.obj C:\OWL\Obj\ocfv8t\occtrl.obj C:\OWL\Obj\ocfv8t\ocreg.obj C:\OWL\Obj\ocfv8t\ocstorag.obj C:\OWL\Obj\ocfv8t\oleutil.obj C:\OWL\Obj\ocfv8t\oledialg.obj C:\OWL\Obj\ocfv8t\oledoc.obj C:\OWL\Obj\ocfv8t\oleview.obj C:\OWL\Obj\ocfv8t\oleframe.obj C:\OWL\Obj\ocfv8t\olemdifr.obj C:\OWL\Obj\ocfv8t\olewindo.obj C:\OWL\Obj\ocfv8t\stgdoc.obj C:\OWL\Obj\ocfv8t\typelib.obj C:\OWL\Obj\ocfv8t\ocapp.obj C:\OWL\Obj\ocfv8t\ocdoc.obj C:\OWL\Obj\ocfv8t\ocpart.obj C:\OWL\Obj\ocfv8t\ocremvie.obj C:\OWL\Obj\ocfv8t\ocdata.obj C:\OWL\Obj\ocfv8t\oclink.obj C:\OWL\Obj\ocfv8t\ocview.obj C:\OWL\Obj\ocfv8t\except.obj C:\OWL\Obj\ocfv8t\version.obj C:\OWL\Obj\ocfv8t\ocguid.obj 

ocfpch.obj : warning LNK4221: no public symbols found; archive member will be inaccessible


ExitCode: 0
C:\PROGRA~2\MI30EB~1\VC\Bin\VCVARS32.BAT & C:\PROGRA~2\MI30EB~1\VC\Bin\NMake.exe  -f vc.mak   COMPVER=8 COMPROOT=C:\PROGRA~2\MI30EB~1\VC BCROOT=C:\PROGRA~2\MI30EB~1\VC OWLVER=630 WIN32=1 OWLROOT=C:\OWL  NO_OWL1_COMPAT=1 NO_OWL_NATIVECTRL_ALWAYS=1 BI_STD_RTL=1 BI_STD_STRING=1 MT=1 DEBUG=1 DIAGS=2 DEBDEFS="/D__DEBUG=2 /D__TRACE /D__WARN"


C:\OWL\Source\owlcore>"C:\Program Files (x86)\Microsoft Visual Studio 8\Common7\Tools\vsvars32.bat"

Setting environment for using Microsoft Visual Studio 2005 x86 tools.

	cl @C:\Users\chrisd\AppData\Local\Temp\nm774.tmp

owlpch.cpp

	cl @C:\Users\chrisd\AppData\Local\Temp\nmB0D.tmp

checks.cpp

	cl @C:\Users\chrisd\AppData\Local\Temp\nm2DAB.tmp

appdict.cpp

bardescr.cpp

bitmap.cpp

bitmapga.cpp

bitset.cpp

buttonga.cpp

btntextg.cpp

celarray.cpp

checklst.cpp

chooseco.cpp

choosefo.cpp

clipboar.cpp

clipview.cpp

cmdline.cpp

colmnhdr.cpp

color.cpp

commctrl.cpp

commdial.cpp

configfl.cpp

controlb.cpp

Generating Code...

Compiling...

controlg.cpp

createdc.cpp

cstring.cpp

cursor.cpp

date.cpp

dateio.cpp

datep.cpp

datetime.cpp

dc.cpp

diaginit.cpp

dibdc.cpp

dibitmap.cpp

dispatch.cpp

docking.cpp

drawitem.cpp

dumpstack.cpp

eventhan.cpp

exbase.cpp

except.cpp

file.cpp

Generating Code...

Compiling...

filename.cpp

flatctrl.cpp

font.cpp

functor.cpp

gadget.cpp

gadgetli.cpp

gadgetwi.cpp

gauge.cpp

gdibase.cpp

gdiobjec.cpp

geometrp.cpp

geometrs.cpp

geometry.cpp

glyphbtn.cpp

hotkey.cpp

icon.cpp

imagelst.cpp

layoutwi.cpp

locale.cpp

localeco.cpp

Generating Code...

Compiling...

localeid.cpp

mailer.cpp

mci.cpp

mciwav.cpp

memory.cpp

memorydc.cpp

menu.cpp

menugadg.cpp

messageb.cpp

metafile.cpp

metafldc.cpp

modegad.cpp

modversi.cpp

msgthred.cpp

profile.cpp

notetab.cpp

objstrm.cpp

owl.cpp

paintdc.cpp

palette.cpp

Generating Code...

Compiling...

panespli.cpp

pen.cpp

picker.cpp

picklist.cpp

pictwind.cpp

popupgad.cpp

preview.cpp

prevwin.cpp

printdc.cpp

propsht.cpp

psview.cpp

rcntfile.cpp

resource.cpp

regheap.cpp

region.cpp

registry.cpp

reglink.cpp

rolldial.cpp

serialze.cpp

splashwi.cpp

Generating Code...

Compiling...

statusba.cpp

swindow.cpp

system.cpp

tabctrl.cpp

tabbed.cpp

textgadg.cpp

theme.cpp

thread.cpp

time.cpp

timegadg.cpp

timeio.cpp

timep.cpp

toolbox.cpp

tooltip.cpp

tracewnd.cpp

trayicon.cpp

uiborder.cpp

uiface.cpp

uihandle.cpp

uimetric.cpp

Generating Code...

Compiling...

uipart.cpp

updown.cpp

urllink.cpp

ustring.cpp

version.cpp

window.cpp

windowdc.cpp

wing.cpp

winsock.cpp

wskaddr.cpp

wskerr.cpp

wskhostm.cpp

wsksockm.cpp

wskservm.cpp

wsksock.cpp

wsksockd.cpp

wsyscls.cpp

wsysclsp.cpp

wsysclss.cpp

compat.cpp

Generating Code...

Compiling...

moduleob.cpp

module.cpp

applicat.cpp

brush.cpp

button.cpp

castable.cpp

checkbox.cpp

combobox.cpp

control.cpp

decframe.cpp

decmdifr.cpp

dialog.cpp

dib.cpp

docmanag.cpp

doctpl.cpp

document.cpp

edit.cpp

editfile.cpp

editsear.cpp

editview.cpp

Generating Code...

Compiling...

filedoc.cpp

filtval.cpp

findrepl.cpp

floatfra.cpp

framewin.cpp

groupbox.cpp

hslider.cpp

inputdia.cpp

listbox.cpp

listview.cpp

lookval.cpp

mdichild.cpp

mdiclien.cpp

mdiframe.cpp

memcbox.cpp

menudesc.cpp

opensave.cpp

pictval.cpp

printdia.cpp

printer.cpp

Generating Code...

Compiling...

printout.cpp

radiobut.cpp

rangeval.cpp

scrollba.cpp

scroller.cpp

slider.cpp

static.cpp

tinycapt.cpp

validate.cpp

view.cpp

vslider.cpp

stackwalker.cpp

animctrl.cpp

combobex.cpp

commview.cpp

draglist.cpp

hlpmanag.cpp

fscroll.cpp

ipaddres.cpp

listwind.cpp

Generating Code...

Compiling...

monthcal.cpp

pager.cpp

richedit.cpp

richedv.cpp

richedpr.cpp

shellitm.cpp

shelwapi.cpp

treewind.cpp

global.cpp

libmain.cpp

owlmain.cpp

initdll.cpp

winmain.cpp

main.cpp

Generating Code...

Microsoft (R) Library Manager Version 8.00.50727.762

Copyright (C) Microsoft Corporation.  All rights reserved.



.\intel\dibblt32.obj .\intel\_128supp.obj C:\OWL\Obj\owlv8dt\owlpch.obj C:\OWL\Obj\owlv8dt\appdict.obj C:\OWL\Obj\owlv8dt\bardescr.obj C:\OWL\Obj\owlv8dt\bitmap.obj C:\OWL\Obj\owlv8dt\bitmapga.obj C:\OWL\Obj\owlv8dt\bitset.obj C:\OWL\Obj\owlv8dt\buttonga.obj C:\OWL\Obj\owlv8dt\btntextg.obj C:\OWL\Obj\owlv8dt\celarray.obj C:\OWL\Obj\owlv8dt\checklst.obj C:\OWL\Obj\owlv8dt\chooseco.obj C:\OWL\Obj\owlv8dt\choosefo.obj C:\OWL\Obj\owlv8dt\clipboar.obj C:\OWL\Obj\owlv8dt\clipview.obj C:\OWL\Obj\owlv8dt\cmdline.obj C:\OWL\Obj\owlv8dt\colmnhdr.obj C:\OWL\Obj\owlv8dt\color.obj C:\OWL\Obj\owlv8dt\commctrl.obj C:\OWL\Obj\owlv8dt\commdial.obj C:\OWL\Obj\owlv8dt\configfl.obj C:\OWL\Obj\owlv8dt\controlb.obj C:\OWL\Obj\owlv8dt\controlg.obj C:\OWL\Obj\owlv8dt\createdc.obj C:\OWL\Obj\owlv8dt\cstring.obj C:\OWL\Obj\owlv8dt\cursor.obj C:\OWL\Obj\owlv8dt\date.obj C:\OWL\Obj\owlv8dt\dateio.obj C:\OWL\Obj\owlv8dt\datep.obj C:\OWL\Obj\owlv8dt\datetime.obj C:\OWL\Obj\owlv8dt\dc.obj C:\OWL\Obj\owlv8dt\diaginit.obj C:\OWL\Obj\owlv8dt\dibdc.obj C:\OWL\Obj\owlv8dt\dibitmap.obj C:\OWL\Obj\owlv8dt\dispatch.obj C:\OWL\Obj\owlv8dt\docking.obj C:\OWL\Obj\owlv8dt\drawitem.obj C:\OWL\Obj\owlv8dt\dumpstack.obj C:\OWL\Obj\owlv8dt\eventhan.obj C:\OWL\Obj\owlv8dt\exbase.obj C:\OWL\Obj\owlv8dt\except.obj C:\OWL\Obj\owlv8dt\file.obj C:\OWL\Obj\owlv8dt\filename.obj C:\OWL\Obj\owlv8dt\flatctrl.obj C:\OWL\Obj\owlv8dt\font.obj C:\OWL\Obj\owlv8dt\functor.obj C:\OWL\Obj\owlv8dt\gadget.obj C:\OWL\Obj\owlv8dt\gadgetli.obj C:\OWL\Obj\owlv8dt\gadgetwi.obj C:\OWL\Obj\owlv8dt\gauge.obj C:\OWL\Obj\owlv8dt\gdibase.obj C:\OWL\Obj\owlv8dt\gdiobjec.obj C:\OWL\Obj\owlv8dt\geometrp.obj C:\OWL\Obj\owlv8dt\geometrs.obj C:\OWL\Obj\owlv8dt\geometry.obj C:\OWL\Obj\owlv8dt\glyphbtn.obj C:\OWL\Obj\owlv8dt\hotkey.obj C:\OWL\Obj\owlv8dt\icon.obj C:\OWL\Obj\owlv8dt\imagelst.obj C:\OWL\Obj\owlv8dt\layoutwi.obj C:\OWL\Obj\owlv8dt\locale.obj C:\OWL\Obj\owlv8dt\localeco.obj C:\OWL\Obj\owlv8dt\localeid.obj C:\OWL\Obj\owlv8dt\mailer.obj C:\OWL\Obj\owlv8dt\mci.obj C:\OWL\Obj\owlv8dt\mciwav.obj C:\OWL\Obj\owlv8dt\memory.obj C:\OWL\Obj\owlv8dt\memorydc.obj C:\OWL\Obj\owlv8dt\menu.obj C:\OWL\Obj\owlv8dt\menugadg.obj C:\OWL\Obj\owlv8dt\messageb.obj C:\OWL\Obj\owlv8dt\metafile.obj C:\OWL\Obj\owlv8dt\metafldc.obj C:\OWL\Obj\owlv8dt\modegad.obj C:\OWL\Obj\owlv8dt\modversi.obj C:\OWL\Obj\owlv8dt\msgthred.obj C:\OWL\Obj\owlv8dt\profile.obj C:\OWL\Obj\owlv8dt\notetab.obj C:\OWL\Obj\owlv8dt\objstrm.obj C:\OWL\Obj\owlv8dt\owl.obj C:\OWL\Obj\owlv8dt\paintdc.obj C:\OWL\Obj\owlv8dt\palette.obj C:\OWL\Obj\owlv8dt\panespli.obj C:\OWL\Obj\owlv8dt\pen.obj C:\OWL\Obj\owlv8dt\picker.obj C:\OWL\Obj\owlv8dt\picklist.obj C:\OWL\Obj\owlv8dt\pictwind.obj C:\OWL\Obj\owlv8dt\popupgad.obj C:\OWL\Obj\owlv8dt\preview.obj C:\OWL\Obj\owlv8dt\prevwin.obj C:\OWL\Obj\owlv8dt\printdc.obj C:\OWL\Obj\owlv8dt\propsht.obj C:\OWL\Obj\owlv8dt\psview.obj C:\OWL\Obj\owlv8dt\rcntfile.obj C:\OWL\Obj\owlv8dt\resource.obj C:\OWL\Obj\owlv8dt\regheap.obj C:\OWL\Obj\owlv8dt\region.obj C:\OWL\Obj\owlv8dt\registry.obj C:\OWL\Obj\owlv8dt\reglink.obj C:\OWL\Obj\owlv8dt\rolldial.obj C:\OWL\Obj\owlv8dt\serialze.obj C:\OWL\Obj\owlv8dt\splashwi.obj C:\OWL\Obj\owlv8dt\statusba.obj C:\OWL\Obj\owlv8dt\swindow.obj C:\OWL\Obj\owlv8dt\system.obj C:\OWL\Obj\owlv8dt\tabctrl.obj C:\OWL\Obj\owlv8dt\tabbed.obj C:\OWL\Obj\owlv8dt\textgadg.obj C:\OWL\Obj\owlv8dt\theme.obj C:\OWL\Obj\owlv8dt\thread.obj C:\OWL\Obj\owlv8dt\time.obj C:\OWL\Obj\owlv8dt\timegadg.obj C:\OWL\Obj\owlv8dt\timeio.obj C:\OWL\Obj\owlv8dt\timep.obj C:\OWL\Obj\owlv8dt\toolbox.obj C:\OWL\Obj\owlv8dt\tooltip.obj C:\OWL\Obj\owlv8dt\tracewnd.obj C:\OWL\Obj\owlv8dt\trayicon.obj C:\OWL\Obj\owlv8dt\uiborder.obj C:\OWL\Obj\owlv8dt\uiface.obj C:\OWL\Obj\owlv8dt\uihandle.obj C:\OWL\Obj\owlv8dt\uimetric.obj C:\OWL\Obj\owlv8dt\uipart.obj C:\OWL\Obj\owlv8dt\updown.obj C:\OWL\Obj\owlv8dt\urllink.obj C:\OWL\Obj\owlv8dt\ustring.obj C:\OWL\Obj\owlv8dt\version.obj C:\OWL\Obj\owlv8dt\window.obj C:\OWL\Obj\owlv8dt\windowdc.obj C:\OWL\Obj\owlv8dt\wing.obj C:\OWL\Obj\owlv8dt\winsock.obj C:\OWL\Obj\owlv8dt\wskaddr.obj C:\OWL\Obj\owlv8dt\wskerr.obj C:\OWL\Obj\owlv8dt\wskhostm.obj C:\OWL\Obj\owlv8dt\wsksockm.obj C:\OWL\Obj\owlv8dt\wskservm.obj C:\OWL\Obj\owlv8dt\wsksock.obj C:\OWL\Obj\owlv8dt\wsksockd.obj C:\OWL\Obj\owlv8dt\wsyscls.obj C:\OWL\Obj\owlv8dt\wsysclsp.obj C:\OWL\Obj\owlv8dt\wsysclss.obj C:\OWL\Obj\owlv8dt\compat.obj C:\OWL\Obj\owlv8dt\moduleob.obj C:\OWL\Obj\owlv8dt\checks.obj C:\OWL\Obj\owlv8dt\module.obj C:\OWL\Obj\owlv8dt\applicat.obj C:\OWL\Obj\owlv8dt\brush.obj C:\OWL\Obj\owlv8dt\button.obj C:\OWL\Obj\owlv8dt\castable.obj C:\OWL\Obj\owlv8dt\checkbox.obj C:\OWL\Obj\owlv8dt\combobox.obj C:\OWL\Obj\owlv8dt\control.obj C:\OWL\Obj\owlv8dt\decframe.obj C:\OWL\Obj\owlv8dt\decmdifr.obj C:\OWL\Obj\owlv8dt\dialog.obj C:\OWL\Obj\owlv8dt\dib.obj C:\OWL\Obj\owlv8dt\docmanag.obj C:\OWL\Obj\owlv8dt\doctpl.obj C:\OWL\Obj\owlv8dt\document.obj C:\OWL\Obj\owlv8dt\edit.obj C:\OWL\Obj\owlv8dt\editfile.obj C:\OWL\Obj\owlv8dt\editsear.obj C:\OWL\Obj\owlv8dt\editview.obj C:\OWL\Obj\owlv8dt\filedoc.obj C:\OWL\Obj\owlv8dt\filtval.obj C:\OWL\Obj\owlv8dt\findrepl.obj C:\OWL\Obj\owlv8dt\floatfra.obj C:\OWL\Obj\owlv8dt\framewin.obj C:\OWL\Obj\owlv8dt\groupbox.obj C:\OWL\Obj\owlv8dt\hslider.obj C:\OWL\Obj\owlv8dt\inputdia.obj C:\OWL\Obj\owlv8dt\listbox.obj C:\OWL\Obj\owlv8dt\listview.obj C:\OWL\Obj\owlv8dt\lookval.obj C:\OWL\Obj\owlv8dt\mdichild.obj C:\OWL\Obj\owlv8dt\mdiclien.obj C:\OWL\Obj\owlv8dt\mdiframe.obj C:\OWL\Obj\owlv8dt\memcbox.obj C:\OWL\Obj\owlv8dt\menudesc.obj C:\OWL\Obj\owlv8dt\opensave.obj C:\OWL\Obj\owlv8dt\pictval.obj C:\OWL\Obj\owlv8dt\printdia.obj C:\OWL\Obj\owlv8dt\printer.obj C:\OWL\Obj\owlv8dt\printout.obj C:\OWL\Obj\owlv8dt\radiobut.obj C:\OWL\Obj\owlv8dt\rangeval.obj C:\OWL\Obj\owlv8dt\scrollba.obj C:\OWL\Obj\owlv8dt\scroller.obj C:\OWL\Obj\owlv8dt\slider.obj C:\OWL\Obj\owlv8dt\static.obj C:\OWL\Obj\owlv8dt\tinycapt.obj C:\OWL\Obj\owlv8dt\validate.obj C:\OWL\Obj\owlv8dt\view.obj C:\OWL\Obj\owlv8dt\vslider.obj C:\OWL\Obj\owlv8dt\stackwalker.obj C:\OWL\Obj\owlv8dt\animctrl.obj C:\OWL\Obj\owlv8dt\combobex.obj C:\OWL\Obj\owlv8dt\commview.obj C:\OWL\Obj\owlv8dt\draglist.obj C:\OWL\Obj\owlv8dt\hlpmanag.obj C:\OWL\Obj\owlv8dt\fscroll.obj C:\OWL\Obj\owlv8dt\ipaddres.obj C:\OWL\Obj\owlv8dt\listwind.obj C:\OWL\Obj\owlv8dt\monthcal.obj C:\OWL\Obj\owlv8dt\pager.obj C:\OWL\Obj\owlv8dt\richedit.obj C:\OWL\Obj\owlv8dt\richedv.obj C:\OWL\Obj\owlv8dt\richedpr.obj C:\OWL\Obj\owlv8dt\shellitm.obj C:\OWL\Obj\owlv8dt\shelwapi.obj C:\OWL\Obj\owlv8dt\treewind.obj C:\OWL\Obj\owlv8dt\global.obj C:\OWL\Obj\owlv8dt\libmain.obj C:\OWL\Obj\owlv8dt\owlmain.obj C:\OWL\Obj\owlv8dt\initdll.obj C:\OWL\Obj\owlv8dt\winmain.obj C:\OWL\Obj\owlv8dt\main.obj 

moduleob.obj : warning LNK4221: no public symbols found; archive member will be inaccessible


ExitCode: 0
C:\PROGRA~2\MI30EB~1\VC\Bin\VCVARS32.BAT & C:\PROGRA~2\MI30EB~1\VC\Bin\NMake.exe  -f vc.mak   COMPVER=8 COMPROOT=C:\PROGRA~2\MI30EB~1\VC BCROOT=C:\PROGRA~2\MI30EB~1\VC OWLVER=630 WIN32=1 OWLROOT=C:\OWL  NO_OWL1_COMPAT=1 NO_OWL_NATIVECTRL_ALWAYS=1 BI_STD_RTL=1 BI_STD_STRING=1 MT=1 DEBUG=1 DIAGS=2 DEBDEFS="/D__DEBUG=2 /D__TRACE /D__WARN"


C:\OWL\Source\ocf>"C:\Program Files (x86)\Microsoft Visual Studio 8\Common7\Tools\vsvars32.bat"

Setting environment for using Microsoft Visual Studio 2005 x86 tools.

	cl @C:\Users\chrisd\AppData\Local\Temp\nm78CC.tmp

ocfpch.cpp

	cl /D_OCFPCH /D_OWLPCH /D_X86_ /FoC:\OWL\Obj\ocfv8dt\ /W3 /Zl /EHsc /GR /Gm- /Od  /Zi  /MTd /IC:\OWL\include /I.\ /DBI_NOINCLUDE_NS_OWL /D_CRT_NONSTDC_NO_DEPRECATE /D_CRT_SECURE_NO_DEPRECATE /D_CRT_NON_CONFORMING_SWPRINTFS /D_SCL_SECURE_NO_WARNINGS /FdC:\OWL\lib\ocf-630-v8-dt.pdb  /D__DEBUG=2 /D__TRACE /D__WARN    /Yu"ocf/pch.h" /FpC:\OWL\Obj\ocfv8dt\ocfpch.pch /c version.cpp 

version.cpp

	cl @C:\Users\chrisd\AppData\Local\Temp\nm7DAD.tmp

ocguid.cpp

	cl @C:\Users\chrisd\AppData\Local\Temp\nm80BA.tmp

appdesc.cpp

autocli.cpp

autodisp.cpp

autoiter.cpp

autostck.cpp

autosrv.cpp

autosym.cpp

autoval.cpp

occtrl.cpp

occtrl.cpp(687) : warning C4244: '=' : conversion from 'UINT' to 'float', possible loss of data

occtrl.cpp(688) : warning C4244: '=' : conversion from 'UINT' to 'float', possible loss of data

occtrl.cpp(757) : warning C4390: ';' : empty controlled statement found; is this the intent?

ocreg.cpp

ocstorag.cpp

oleutil.cpp

oledialg.cpp

oledoc.cpp

oleview.cpp

oleframe.cpp

olemdifr.cpp

olewindo.cpp

stgdoc.cpp

typelib.cpp

Generating Code...

c:\owl\source\ocf\autoval.cpp(742) : warning C4715: 'OCF::TAutoVal::operator _LARGE_INTEGER' : not all control paths return a value

c:\owl\source\ocf\autoval.cpp(749) : warning C4715: 'OCF::TAutoVal::operator _ULARGE_INTEGER' : not all control paths return a value

Compiling...

ocapp.cpp

ocdoc.cpp

ocpart.cpp

ocremvie.cpp

ocdata.cpp

oclink.cpp

ocview.cpp

except.cpp

Generating Code...

Microsoft (R) Library Manager Version 8.00.50727.762

Copyright (C) Microsoft Corporation.  All rights reserved.



C:\OWL\Obj\ocfv8dt\ocfpch.obj C:\OWL\Obj\ocfv8dt\appdesc.obj C:\OWL\Obj\ocfv8dt\autocli.obj C:\OWL\Obj\ocfv8dt\autodisp.obj C:\OWL\Obj\ocfv8dt\autoiter.obj C:\OWL\Obj\ocfv8dt\autostck.obj C:\OWL\Obj\ocfv8dt\autosrv.obj C:\OWL\Obj\ocfv8dt\autosym.obj C:\OWL\Obj\ocfv8dt\autoval.obj C:\OWL\Obj\ocfv8dt\occtrl.obj C:\OWL\Obj\ocfv8dt\ocreg.obj C:\OWL\Obj\ocfv8dt\ocstorag.obj C:\OWL\Obj\ocfv8dt\oleutil.obj C:\OWL\Obj\ocfv8dt\oledialg.obj C:\OWL\Obj\ocfv8dt\oledoc.obj C:\OWL\Obj\ocfv8dt\oleview.obj C:\OWL\Obj\ocfv8dt\oleframe.obj C:\OWL\Obj\ocfv8dt\olemdifr.obj C:\OWL\Obj\ocfv8dt\olewindo.obj C:\OWL\Obj\ocfv8dt\stgdoc.obj C:\OWL\Obj\ocfv8dt\typelib.obj C:\OWL\Obj\ocfv8dt\ocapp.obj C:\OWL\Obj\ocfv8dt\ocdoc.obj C:\OWL\Obj\ocfv8dt\ocpart.obj C:\OWL\Obj\ocfv8dt\ocremvie.obj C:\OWL\Obj\ocfv8dt\ocdata.obj C:\OWL\Obj\ocfv8dt\oclink.obj C:\OWL\Obj\ocfv8dt\ocview.obj C:\OWL\Obj\ocfv8dt\except.obj C:\OWL\Obj\ocfv8dt\version.obj C:\OWL\Obj\ocfv8dt\ocguid.obj 

ocfpch.obj : warning LNK4221: no public symbols found; archive member will be inaccessible


ExitCode: 0
C:\PROGRA~2\MI30EB~1\VC\Bin\VCVARS32.BAT & C:\PROGRA~2\MI30EB~1\VC\Bin\NMake.exe  -f vc.mak   COMPVER=8 COMPROOT=C:\PROGRA~2\MI30EB~1\VC BCROOT=C:\PROGRA~2\MI30EB~1\VC OWLVER=630 WIN32=1 OWLROOT=C:\OWL  NO_OWL1_COMPAT=1 NO_OWL_NATIVECTRL_ALWAYS=1 BI_STD_RTL=1 BI_STD_STRING=1 DLL=1 MT=1


C:\OWL\Source\owlcore>"C:\Program Files (x86)\Microsoft Visual Studio 8\Common7\Tools\vsvars32.bat"

Setting environment for using Microsoft Visual Studio 2005 x86 tools.

	cl @C:\Users\chrisd\AppData\Local\Temp\nm8B33.tmp

owlpchs.cpp

	cl @C:\Users\chrisd\AppData\Local\Temp\nm8D18.tmp

global.cpp

	cl @C:\Users\chrisd\AppData\Local\Temp\nm8D48.tmp

libmain.cpp

	cl @C:\Users\chrisd\AppData\Local\Temp\nm8D78.tmp

owlmain.cpp

	cl @C:\Users\chrisd\AppData\Local\Temp\nm8DA7.tmp

initdll.cpp

	cl @C:\Users\chrisd\AppData\Local\Temp\nm8DE7.tmp

winmain.cpp

	cl @C:\Users\chrisd\AppData\Local\Temp\nm8E17.tmp

main.cpp

	cl @C:\Users\chrisd\AppData\Local\Temp\nm8E46.tmp

owlpch.cpp

	cl @C:\Users\chrisd\AppData\Local\Temp\nm91E0.tmp

checks.cpp

	rc  /r /DWIN32  /D_OWL_MONOLITHIC /iC:\OWL\include;C:\OWL\include\owl /fo C:\OWL\Obj\owlv8ti\owl.res owl.rc

	cl @C:\Users\chrisd\AppData\Local\Temp\nm9441.tmp

appdict.cpp

bardescr.cpp

bitmap.cpp

bitmapga.cpp

bitset.cpp

buttonga.cpp

btntextg.cpp

celarray.cpp

checklst.cpp

chooseco.cpp

choosefo.cpp

clipboar.cpp

clipview.cpp

cmdline.cpp

colmnhdr.cpp

color.cpp

commctrl.cpp

commdial.cpp

configfl.cpp

controlb.cpp

Generating Code...

Compiling...

controlg.cpp

createdc.cpp

cstring.cpp

cursor.cpp

date.cpp

dateio.cpp

datep.cpp

datetime.cpp

dc.cpp

diaginit.cpp

dibdc.cpp

dibitmap.cpp

dispatch.cpp

docking.cpp

drawitem.cpp

dumpstack.cpp

eventhan.cpp

exbase.cpp

except.cpp

file.cpp

Generating Code...

Compiling...

filename.cpp

flatctrl.cpp

font.cpp

functor.cpp

gadget.cpp

gadgetli.cpp

gadgetwi.cpp

gauge.cpp

gdibase.cpp

gdiobjec.cpp

geometrp.cpp

geometrs.cpp

geometry.cpp

glyphbtn.cpp

hotkey.cpp

icon.cpp

imagelst.cpp

layoutwi.cpp

locale.cpp

localeco.cpp

Generating Code...

Compiling...

localeid.cpp

mailer.cpp

mci.cpp

mciwav.cpp

memory.cpp

memorydc.cpp

menu.cpp

menugadg.cpp

messageb.cpp

metafile.cpp

metafldc.cpp

modegad.cpp

modversi.cpp

msgthred.cpp

profile.cpp

notetab.cpp

objstrm.cpp

owl.cpp

paintdc.cpp

palette.cpp

Generating Code...

Compiling...

panespli.cpp

pen.cpp

picker.cpp

picklist.cpp

pictwind.cpp

popupgad.cpp

preview.cpp

prevwin.cpp

printdc.cpp

propsht.cpp

psview.cpp

rcntfile.cpp

resource.cpp

regheap.cpp

region.cpp

registry.cpp

reglink.cpp

rolldial.cpp

serialze.cpp

splashwi.cpp

Generating Code...

Compiling...

statusba.cpp

swindow.cpp

system.cpp

tabctrl.cpp

tabbed.cpp

textgadg.cpp

theme.cpp

thread.cpp

time.cpp

timegadg.cpp

timeio.cpp

timep.cpp

toolbox.cpp

tooltip.cpp

tracewnd.cpp

trayicon.cpp

uiborder.cpp

uiface.cpp

uihandle.cpp

uimetric.cpp

Generating Code...

Compiling...

uipart.cpp

updown.cpp

urllink.cpp

ustring.cpp

version.cpp

window.cpp

windowdc.cpp

wing.cpp

winsock.cpp

wskaddr.cpp

wskerr.cpp

wskhostm.cpp

wsksockm.cpp

wskservm.cpp

wsksock.cpp

wsksockd.cpp

wsyscls.cpp

wsysclsp.cpp

wsysclss.cpp

compat.cpp

Generating Code...

Compiling...

moduleob.cpp

module.cpp

applicat.cpp

brush.cpp

button.cpp

castable.cpp

checkbox.cpp

combobox.cpp

control.cpp

decframe.cpp

decmdifr.cpp

dialog.cpp

dib.cpp

docmanag.cpp

doctpl.cpp

document.cpp

edit.cpp

editfile.cpp

editsear.cpp

editview.cpp

Generating Code...

Compiling...

filedoc.cpp

filtval.cpp

findrepl.cpp

floatfra.cpp

framewin.cpp

groupbox.cpp

hslider.cpp

inputdia.cpp

listbox.cpp

listview.cpp

lookval.cpp

mdichild.cpp

mdiclien.cpp

mdiframe.cpp

memcbox.cpp

menudesc.cpp

opensave.cpp

pictval.cpp

printdia.cpp

printer.cpp

Generating Code...

Compiling...

printout.cpp

radiobut.cpp

rangeval.cpp

scrollba.cpp

scroller.cpp

slider.cpp

static.cpp

tinycapt.cpp

validate.cpp

view.cpp

vslider.cpp

stackwalker.cpp

animctrl.cpp

combobex.cpp

commview.cpp

draglist.cpp

hlpmanag.cpp

fscroll.cpp

ipaddres.cpp

listwind.cpp

Generating Code...

Compiling...

monthcal.cpp

pager.cpp

richedit.cpp

richedv.cpp

richedpr.cpp

shellitm.cpp

shelwapi.cpp

treewind.cpp

tmplinst.cpp

Generating Code...

	link @C:\Users\chrisd\AppData\Local\Temp\nmF6BC.tmp

Microsoft (R) Incremental Linker Version 8.00.50727.762

Copyright (C) Microsoft Corporation.  All rights reserved.



/filealign:4096 /opt:ref /opt:icf,32 /incremental:no /dll /version:6.21 /base:0x4F400000 

msvcrt.lib msvcprt.lib kernel32.lib gdi32.lib user32.lib uuid.lib shell32.lib advapi32.lib ole32.lib oleaut32.lib 

C:\OWL\Obj\owlv8ti\owlpch.obj C:\OWL\Obj\owlv8ti\appdict.obj C:\OWL\Obj\owlv8ti\bardescr.obj C:\OWL\Obj\owlv8ti\bitmap.obj C:\OWL\Obj\owlv8ti\bitmapga.obj C:\OWL\Obj\owlv8ti\bitset.obj C:\OWL\Obj\owlv8ti\buttonga.obj C:\OWL\Obj\owlv8ti\btntextg.obj C:\OWL\Obj\owlv8ti\celarray.obj C:\OWL\Obj\owlv8ti\checklst.obj C:\OWL\Obj\owlv8ti\chooseco.obj C:\OWL\Obj\owlv8ti\choosefo.obj C:\OWL\Obj\owlv8ti\clipboar.obj C:\OWL\Obj\owlv8ti\clipview.obj C:\OWL\Obj\owlv8ti\cmdline.obj C:\OWL\Obj\owlv8ti\colmnhdr.obj C:\OWL\Obj\owlv8ti\color.obj C:\OWL\Obj\owlv8ti\commctrl.obj C:\OWL\Obj\owlv8ti\commdial.obj C:\OWL\Obj\owlv8ti\configfl.obj C:\OWL\Obj\owlv8ti\controlb.obj C:\OWL\Obj\owlv8ti\controlg.obj C:\OWL\Obj\owlv8ti\createdc.obj C:\OWL\Obj\owlv8ti\cstring.obj C:\OWL\Obj\owlv8ti\cursor.obj C:\OWL\Obj\owlv8ti\date.obj C:\OWL\Obj\owlv8ti\dateio.obj C:\OWL\Obj\owlv8ti\datep.obj C:\OWL\Obj\owlv8ti\datetime.obj C:\OWL\Obj\owlv8ti\dc.obj C:\OWL\Obj\owlv8ti\diaginit.obj C:\OWL\Obj\owlv8ti\dibdc.obj C:\OWL\Obj\owlv8ti\dibitmap.obj C:\OWL\Obj\owlv8ti\dispatch.obj C:\OWL\Obj\owlv8ti\docking.obj C:\OWL\Obj\owlv8ti\drawitem.obj C:\OWL\Obj\owlv8ti\dumpstack.obj C:\OWL\Obj\owlv8ti\eventhan.obj C:\OWL\Obj\owlv8ti\exbase.obj C:\OWL\Obj\owlv8ti\except.obj C:\OWL\Obj\owlv8ti\file.obj C:\OWL\Obj\owlv8ti\filename.obj C:\OWL\Obj\owlv8ti\flatctrl.obj C:\OWL\Obj\owlv8ti\font.obj C:\OWL\Obj\owlv8ti\functor.obj C:\OWL\Obj\owlv8ti\gadget.obj C:\OWL\Obj\owlv8ti\gadgetli.obj C:\OWL\Obj\owlv8ti\gadgetwi.obj C:\OWL\Obj\owlv8ti\gauge.obj C:\OWL\Obj\owlv8ti\gdibase.obj C:\OWL\Obj\owlv8ti\gdiobjec.obj C:\OWL\Obj\owlv8ti\geometrp.obj C:\OWL\Obj\owlv8ti\geometrs.obj C:\OWL\Obj\owlv8ti\geometry.obj C:\OWL\Obj\owlv8ti\glyphbtn.obj C:\OWL\Obj\owlv8ti\hotkey.obj C:\OWL\Obj\owlv8ti\icon.obj C:\OWL\Obj\owlv8ti\imagelst.obj C:\OWL\Obj\owlv8ti\layoutwi.obj C:\OWL\Obj\owlv8ti\locale.obj C:\OWL\Obj\owlv8ti\localeco.obj C:\OWL\Obj\owlv8ti\localeid.obj C:\OWL\Obj\owlv8ti\mailer.obj C:\OWL\Obj\owlv8ti\mci.obj C:\OWL\Obj\owlv8ti\mciwav.obj C:\OWL\Obj\owlv8ti\memory.obj C:\OWL\Obj\owlv8ti\memorydc.obj C:\OWL\Obj\owlv8ti\menu.obj C:\OWL\Obj\owlv8ti\menugadg.obj C:\OWL\Obj\owlv8ti\messageb.obj C:\OWL\Obj\owlv8ti\metafile.obj C:\OWL\Obj\owlv8ti\metafldc.obj C:\OWL\Obj\owlv8ti\modegad.obj C:\OWL\Obj\owlv8ti\modversi.obj C:\OWL\Obj\owlv8ti\msgthred.obj C:\OWL\Obj\owlv8ti\profile.obj C:\OWL\Obj\owlv8ti\notetab.obj C:\OWL\Obj\owlv8ti\objstrm.obj C:\OWL\Obj\owlv8ti\owl.obj C:\OWL\Obj\owlv8ti\paintdc.obj C:\OWL\Obj\owlv8ti\palette.obj C:\OWL\Obj\owlv8ti\panespli.obj C:\OWL\Obj\owlv8ti\pen.obj C:\OWL\Obj\owlv8ti\picker.obj C:\OWL\Obj\owlv8ti\picklist.obj C:\OWL\Obj\owlv8ti\pictwind.obj C:\OWL\Obj\owlv8ti\popupgad.obj C:\OWL\Obj\owlv8ti\preview.obj C:\OWL\Obj\owlv8ti\prevwin.obj C:\OWL\Obj\owlv8ti\printdc.obj C:\OWL\Obj\owlv8ti\propsht.obj C:\OWL\Obj\owlv8ti\psview.obj C:\OWL\Obj\owlv8ti\rcntfile.obj C:\OWL\Obj\owlv8ti\resource.obj C:\OWL\Obj\owlv8ti\regheap.obj C:\OWL\Obj\owlv8ti\region.obj C:\OWL\Obj\owlv8ti\registry.obj C:\OWL\Obj\owlv8ti\reglink.obj C:\OWL\Obj\owlv8ti\rolldial.obj C:\OWL\Obj\owlv8ti\serialze.obj C:\OWL\Obj\owlv8ti\splashwi.obj C:\OWL\Obj\owlv8ti\statusba.obj C:\OWL\Obj\owlv8ti\swindow.obj C:\OWL\Obj\owlv8ti\system.obj C:\OWL\Obj\owlv8ti\tabctrl.obj C:\OWL\Obj\owlv8ti\tabbed.obj C:\OWL\Obj\owlv8ti\textgadg.obj C:\OWL\Obj\owlv8ti\theme.obj C:\OWL\Obj\owlv8ti\thread.obj C:\OWL\Obj\owlv8ti\time.obj C:\OWL\Obj\owlv8ti\timegadg.obj C:\OWL\Obj\owlv8ti\timeio.obj C:\OWL\Obj\owlv8ti\timep.obj C:\OWL\Obj\owlv8ti\toolbox.obj C:\OWL\Obj\owlv8ti\tooltip.obj C:\OWL\Obj\owlv8ti\tracewnd.obj C:\OWL\Obj\owlv8ti\trayicon.obj C:\OWL\Obj\owlv8ti\uiborder.obj C:\OWL\Obj\owlv8ti\uiface.obj C:\OWL\Obj\owlv8ti\uihandle.obj C:\OWL\Obj\owlv8ti\uimetric.obj C:\OWL\Obj\owlv8ti\uipart.obj C:\OWL\Obj\owlv8ti\updown.obj C:\OWL\Obj\owlv8ti\urllink.obj C:\OWL\Obj\owlv8ti\ustring.obj C:\OWL\Obj\owlv8ti\version.obj C:\OWL\Obj\owlv8ti\window.obj C:\OWL\Obj\owlv8ti\windowdc.obj C:\OWL\Obj\owlv8ti\wing.obj C:\OWL\Obj\owlv8ti\winsock.obj C:\OWL\Obj\owlv8ti\wskaddr.obj C:\OWL\Obj\owlv8ti\wskerr.obj C:\OWL\Obj\owlv8ti\wskhostm.obj C:\OWL\Obj\owlv8ti\wsksockm.obj C:\OWL\Obj\owlv8ti\wskservm.obj C:\OWL\Obj\owlv8ti\wsksock.obj C:\OWL\Obj\owlv8ti\wsksockd.obj C:\OWL\Obj\owlv8ti\wsyscls.obj C:\OWL\Obj\owlv8ti\wsysclsp.obj C:\OWL\Obj\owlv8ti\wsysclss.obj C:\OWL\Obj\owlv8ti\compat.obj C:\OWL\Obj\owlv8ti\moduleob.obj C:\OWL\Obj\owlv8ti\module.obj C:\OWL\Obj\owlv8ti\applicat.obj C:\OWL\Obj\owlv8ti\brush.obj C:\OWL\Obj\owlv8ti\button.obj C:\OWL\Obj\owlv8ti\castable.obj C:\OWL\Obj\owlv8ti\checkbox.obj C:\OWL\Obj\owlv8ti\combobox.obj C:\OWL\Obj\owlv8ti\control.obj C:\OWL\Obj\owlv8ti\decframe.obj C:\OWL\Obj\owlv8ti\decmdifr.obj C:\OWL\Obj\owlv8ti\dialog.obj C:\OWL\Obj\owlv8ti\dib.obj C:\OWL\Obj\owlv8ti\docmanag.obj C:\OWL\Obj\owlv8ti\doctpl.obj C:\OWL\Obj\owlv8ti\document.obj C:\OWL\Obj\owlv8ti\edit.obj C:\OWL\Obj\owlv8ti\editfile.obj C:\OWL\Obj\owlv8ti\editsear.obj C:\OWL\Obj\owlv8ti\editview.obj C:\OWL\Obj\owlv8ti\filedoc.obj C:\OWL\Obj\owlv8ti\filtval.obj C:\OWL\Obj\owlv8ti\findrepl.obj C:\OWL\Obj\owlv8ti\floatfra.obj C:\OWL\Obj\owlv8ti\framewin.obj C:\OWL\Obj\owlv8ti\groupbox.obj C:\OWL\Obj\owlv8ti\hslider.obj C:\OWL\Obj\owlv8ti\inputdia.obj C:\OWL\Obj\owlv8ti\listbox.obj C:\OWL\Obj\owlv8ti\listview.obj C:\OWL\Obj\owlv8ti\lookval.obj C:\OWL\Obj\owlv8ti\mdichild.obj C:\OWL\Obj\owlv8ti\mdiclien.obj C:\OWL\Obj\owlv8ti\mdiframe.obj C:\OWL\Obj\owlv8ti\memcbox.obj C:\OWL\Obj\owlv8ti\menudesc.obj C:\OWL\Obj\owlv8ti\opensave.obj C:\OWL\Obj\owlv8ti\pictval.obj C:\OWL\Obj\owlv8ti\printdia.obj C:\OWL\Obj\owlv8ti\printer.obj C:\OWL\Obj\owlv8ti\printout.obj C:\OWL\Obj\owlv8ti\radiobut.obj C:\OWL\Obj\owlv8ti\rangeval.obj C:\OWL\Obj\owlv8ti\scrollba.obj C:\OWL\Obj\owlv8ti\scroller.obj C:\OWL\Obj\owlv8ti\slider.obj C:\OWL\Obj\owlv8ti\static.obj C:\OWL\Obj\owlv8ti\tinycapt.obj C:\OWL\Obj\owlv8ti\validate.obj C:\OWL\Obj\owlv8ti\view.obj C:\OWL\Obj\owlv8ti\vslider.obj C:\OWL\Obj\owlv8ti\stackwalker.obj C:\OWL\Obj\owlv8ti\animctrl.obj C:\OWL\Obj\owlv8ti\combobex.obj C:\OWL\Obj\owlv8ti\commview.obj C:\OWL\Obj\owlv8ti\draglist.obj C:\OWL\Obj\owlv8ti\hlpmanag.obj C:\OWL\Obj\owlv8ti\fscroll.obj C:\OWL\Obj\owlv8ti\ipaddres.obj C:\OWL\Obj\owlv8ti\listwind.obj C:\OWL\Obj\owlv8ti\monthcal.obj C:\OWL\Obj\owlv8ti\pager.obj C:\OWL\Obj\owlv8ti\richedit.obj C:\OWL\Obj\owlv8ti\richedv.obj C:\OWL\Obj\owlv8ti\richedpr.obj C:\OWL\Obj\owlv8ti\shellitm.obj C:\OWL\Obj\owlv8ti\shelwapi.obj C:\OWL\Obj\owlv8ti\treewind.obj C:\OWL\Obj\owlv8ti\tmplinst.obj .\intel\dibblt32.obj .\intel\_128supp.obj C:\OWL\Obj\owlv8ti\checks.obj 

C:\OWL\Obj\owlv8ti\owl.res 

/def:INTEL\owl.def 

/out:C:\OWL\bin\owl-630-v8-t.dll 

/pdb:C:\OWL\bin\owl-630-v8-t.pdb 

/map:C:\OWL\Obj\owlv8ti\owl.map 

/implib:C:\OWL\Obj\owlv8ti\_owl.lib 

/ignore:4037 

/ignore:4065 

/ignore:4199 

/filealign:4096 

   Creating library C:\OWL\Obj\owlv8ti\_owl.lib and object C:\OWL\Obj\owlv8ti\_owl.exp

	lib /out:C:\OWL\lib\owl-630-v8-ti.lib    C:\OWL\Obj\owlv8ti\global.obj C:\OWL\Obj\owlv8ti\libmain.obj C:\OWL\Obj\owlv8ti\owlmain.obj C:\OWL\Obj\owlv8ti\initdll.obj C:\OWL\Obj\owlv8ti\winmain.obj C:\OWL\Obj\owlv8ti\main.obj C:\OWL\Obj\owlv8ti\owlpchs.obj C:\OWL\Obj\owlv8ti\_owl.lib

Microsoft (R) Library Manager Version 8.00.50727.762

Copyright (C) Microsoft Corporation.  All rights reserved.




ExitCode: 0
C:\PROGRA~2\MI30EB~1\VC\Bin\VCVARS32.BAT & C:\PROGRA~2\MI30EB~1\VC\Bin\NMake.exe  -f vc.mak   COMPVER=8 COMPROOT=C:\PROGRA~2\MI30EB~1\VC BCROOT=C:\PROGRA~2\MI30EB~1\VC OWLVER=630 WIN32=1 OWLROOT=C:\OWL  NO_OWL1_COMPAT=1 NO_OWL_NATIVECTRL_ALWAYS=1 BI_STD_RTL=1 BI_STD_STRING=1 DLL=1 MT=1


C:\OWL\Source\ocf>"C:\Program Files (x86)\Microsoft Visual Studio 8\Common7\Tools\vsvars32.bat"

Setting environment for using Microsoft Visual Studio 2005 x86 tools.

	cl @C:\Users\chrisd\AppData\Local\Temp\nmFE8E.tmp

ocfpchs.cpp

	cl @C:\Users\chrisd\AppData\Local\Temp\nmF0.tmp

ocfpch.cpp

	cl /D_OCFPCH /D_OWLPCH /D_X86_ /FoC:\OWL\Obj\ocfv8ti\ /W3 /Zl /EHsc /GR /Gm- /O1 /Gy   /MD /GF /D_MT /IC:\OWL\include /I.\ /DBI_NOINCLUDE_NS_OWL /D_CRT_NONSTDC_NO_DEPRECATE /D_CRT_SECURE_NO_DEPRECATE /D_CRT_NON_CONFORMING_SWPRINTFS /D_SCL_SECURE_NO_WARNINGS      /D_DLL /D_BUILDOCFDLL /D_OWLDLL  /D_DLL /Yu"ocf/pch.h" /FpC:\OWL\Obj\ocfv8ti\ocfpch.pch /c version.cpp 

version.cpp

	cl @C:\Users\chrisd\AppData\Local\Temp\nm4E7.tmp

ocguid.cpp

	rc  /r /DWIN32  /D_OWL_MONOLITHIC /iC:\OWL\include;C:\OWL\include\owl;C:\OWL\include\ocf /fo C:\OWL\Obj\ocfv8ti\ocf.res ocfall.rc

	cl @C:\Users\chrisd\AppData\Local\Temp\nm767.tmp

appdesc.cpp

autocli.cpp

autodisp.cpp

autoiter.cpp

autostck.cpp

autosrv.cpp

autosym.cpp

autoval.cpp

occtrl.cpp

occtrl.cpp(687) : warning C4244: '=' : conversion from 'UINT' to 'float', possible loss of data

occtrl.cpp(688) : warning C4244: '=' : conversion from 'UINT' to 'float', possible loss of data

occtrl.cpp(757) : warning C4390: ';' : empty controlled statement found; is this the intent?

ocreg.cpp

ocstorag.cpp

oleutil.cpp

oledialg.cpp

oledoc.cpp

oleview.cpp

oleframe.cpp

olemdifr.cpp

olewindo.cpp

stgdoc.cpp

typelib.cpp

Generating Code...

c:\owl\source\ocf\autoval.cpp(742) : warning C4715: 'OCF::TAutoVal::operator _LARGE_INTEGER' : not all control paths return a value

c:\owl\source\ocf\autoval.cpp(749) : warning C4715: 'OCF::TAutoVal::operator _ULARGE_INTEGER' : not all control paths return a value

Compiling...

ocapp.cpp

ocdoc.cpp

ocpart.cpp

ocremvie.cpp

ocdata.cpp

oclink.cpp

ocview.cpp

except.cpp

Generating Code...

	link @C:\Users\chrisd\AppData\Local\Temp\nm1972.tmp

Microsoft (R) Incremental Linker Version 8.00.50727.762

Copyright (C) Microsoft Corporation.  All rights reserved.



/filealign:4096 /opt:ref /opt:icf,32 /incremental:no /dll /version:6.21 /base:0x4F400000 /LIBPATH:C:\OWL\lib 

msvcrt.lib msvcprt.lib kernel32.lib gdi32.lib user32.lib uuid.lib shell32.lib version.lib advapi32.lib ole32.lib oleaut32.lib 

C:\OWL\Obj\ocfv8ti\ocfpch.obj C:\OWL\Obj\ocfv8ti\appdesc.obj C:\OWL\Obj\ocfv8ti\autocli.obj C:\OWL\Obj\ocfv8ti\autodisp.obj C:\OWL\Obj\ocfv8ti\autoiter.obj C:\OWL\Obj\ocfv8ti\autostck.obj C:\OWL\Obj\ocfv8ti\autosrv.obj C:\OWL\Obj\ocfv8ti\autosym.obj C:\OWL\Obj\ocfv8ti\autoval.obj C:\OWL\Obj\ocfv8ti\occtrl.obj C:\OWL\Obj\ocfv8ti\ocreg.obj C:\OWL\Obj\ocfv8ti\ocstorag.obj C:\OWL\Obj\ocfv8ti\oleutil.obj C:\OWL\Obj\ocfv8ti\oledialg.obj C:\OWL\Obj\ocfv8ti\oledoc.obj C:\OWL\Obj\ocfv8ti\oleview.obj C:\OWL\Obj\ocfv8ti\oleframe.obj C:\OWL\Obj\ocfv8ti\olemdifr.obj C:\OWL\Obj\ocfv8ti\olewindo.obj C:\OWL\Obj\ocfv8ti\stgdoc.obj C:\OWL\Obj\ocfv8ti\typelib.obj C:\OWL\Obj\ocfv8ti\ocapp.obj C:\OWL\Obj\ocfv8ti\ocdoc.obj C:\OWL\Obj\ocfv8ti\ocpart.obj C:\OWL\Obj\ocfv8ti\ocremvie.obj C:\OWL\Obj\ocfv8ti\ocdata.obj C:\OWL\Obj\ocfv8ti\oclink.obj C:\OWL\Obj\ocfv8ti\ocview.obj C:\OWL\Obj\ocfv8ti\except.obj C:\OWL\Obj\ocfv8ti\version.obj C:\OWL\Obj\ocfv8ti\ocguid.obj 

C:\OWL\Obj\ocfv8ti\ocf.res 

/def:INTEL\ocf.def 

/out:C:\OWL\bin\ocf-630-v8-t.dll 

/pdb:C:\OWL\bin\ocf-630-v8-t.pdb 

/map:C:\OWL\Obj\ocfv8ti\ocf.map 

/implib:C:\OWL\Obj\ocfv8ti\_ocf.lib 

/ignore:4037 

/ignore:4065 

/ignore:4199 

/filealign:4096 

   Creating library C:\OWL\Obj\ocfv8ti\_ocf.lib and object C:\OWL\Obj\ocfv8ti\_ocf.exp

	lib /out:C:\OWL\lib\ocf-630-v8-ti.lib   C:\OWL\Obj\ocfv8ti\ocfpchs.obj C:\OWL\Obj\ocfv8ti\_ocf.lib

Microsoft (R) Library Manager Version 8.00.50727.762

Copyright (C) Microsoft Corporation.  All rights reserved.




ExitCode: 0
C:\PROGRA~2\MI30EB~1\VC\Bin\VCVARS32.BAT & C:\PROGRA~2\MI30EB~1\VC\Bin\NMake.exe  -f vc.mak   COMPVER=8 COMPROOT=C:\PROGRA~2\MI30EB~1\VC BCROOT=C:\PROGRA~2\MI30EB~1\VC OWLVER=630 WIN32=1 OWLROOT=C:\OWL  NO_OWL1_COMPAT=1 NO_OWL_NATIVECTRL_ALWAYS=1 BI_STD_RTL=1 BI_STD_STRING=1 DLL=1 MT=1 DEBUG=1 DIAGS=2 DEBDEFS="/D__DEBUG=2 /D__TRACE /D__WARN"


C:\OWL\Source\owlcore>"C:\Program Files (x86)\Microsoft Visual Studio 8\Common7\Tools\vsvars32.bat"

Setting environment for using Microsoft Visual Studio 2005 x86 tools.

	cl @C:\Users\chrisd\AppData\Local\Temp\nm1C99.tmp

owlpchs.cpp

	cl @C:\Users\chrisd\AppData\Local\Temp\nm2081.tmp

global.cpp

	cl @C:\Users\chrisd\AppData\Local\Temp\nm20C0.tmp

libmain.cpp

	cl @C:\Users\chrisd\AppData\Local\Temp\nm20FF.tmp

owlmain.cpp

	cl @C:\Users\chrisd\AppData\Local\Temp\nm213F.tmp

initdll.cpp

	cl @C:\Users\chrisd\AppData\Local\Temp\nm217E.tmp

winmain.cpp

	cl @C:\Users\chrisd\AppData\Local\Temp\nm21BE.tmp

main.cpp

	cl @C:\Users\chrisd\AppData\Local\Temp\nm21FD.tmp

owlpch.cpp

	cl @C:\Users\chrisd\AppData\Local\Temp\nm26A0.tmp

checks.cpp

	rc  /r /DWIN32 /D_DEBUG  /D_DEBUG /iC:\OWL\include;C:\OWL\include\owl /fo C:\OWL\Obj\owlv8dti\owl.res owl.rc

	cl @C:\Users\chrisd\AppData\Local\Temp\nm295F.tmp

appdict.cpp

bardescr.cpp

bitmap.cpp

bitmapga.cpp

bitset.cpp

buttonga.cpp

btntextg.cpp

celarray.cpp

checklst.cpp

chooseco.cpp

choosefo.cpp

clipboar.cpp

clipview.cpp

cmdline.cpp

colmnhdr.cpp

color.cpp

commctrl.cpp

commdial.cpp

configfl.cpp

controlb.cpp

Generating Code...

Compiling...

controlg.cpp

createdc.cpp

cstring.cpp

cursor.cpp

date.cpp

dateio.cpp

datep.cpp

datetime.cpp

dc.cpp

diaginit.cpp

dibdc.cpp

dibitmap.cpp

dispatch.cpp

docking.cpp

drawitem.cpp

dumpstack.cpp

eventhan.cpp

exbase.cpp

except.cpp

file.cpp

Generating Code...

Compiling...

filename.cpp

flatctrl.cpp

font.cpp

functor.cpp

gadget.cpp

gadgetli.cpp

gadgetwi.cpp

gauge.cpp

gdibase.cpp

gdiobjec.cpp

geometrp.cpp

geometrs.cpp

geometry.cpp

glyphbtn.cpp

hotkey.cpp

icon.cpp

imagelst.cpp

layoutwi.cpp

locale.cpp

localeco.cpp

Generating Code...

Compiling...

localeid.cpp

mailer.cpp

mci.cpp

mciwav.cpp

memory.cpp

memorydc.cpp

menu.cpp

menugadg.cpp

messageb.cpp

metafile.cpp

metafldc.cpp

modegad.cpp

modversi.cpp

msgthred.cpp

profile.cpp

notetab.cpp

objstrm.cpp

owl.cpp

paintdc.cpp

palette.cpp

Generating Code...

Compiling...

panespli.cpp

pen.cpp

picker.cpp

picklist.cpp

pictwind.cpp

popupgad.cpp

preview.cpp

prevwin.cpp

printdc.cpp

propsht.cpp

psview.cpp

rcntfile.cpp

resource.cpp

regheap.cpp

region.cpp

registry.cpp

reglink.cpp

rolldial.cpp

serialze.cpp

splashwi.cpp

Generating Code...

Compiling...

statusba.cpp

swindow.cpp

system.cpp

tabctrl.cpp

tabbed.cpp

textgadg.cpp

theme.cpp

thread.cpp

time.cpp

timegadg.cpp

timeio.cpp

timep.cpp

toolbox.cpp

tooltip.cpp

tracewnd.cpp

trayicon.cpp

uiborder.cpp

uiface.cpp

uihandle.cpp

uimetric.cpp

Generating Code...

Compiling...

uipart.cpp

updown.cpp

urllink.cpp

ustring.cpp

version.cpp

window.cpp

windowdc.cpp

wing.cpp

winsock.cpp

wskaddr.cpp

wskerr.cpp

wskhostm.cpp

wsksockm.cpp

wskservm.cpp

wsksock.cpp

wsksockd.cpp

wsyscls.cpp

wsysclsp.cpp

wsysclss.cpp

compat.cpp

Generating Code...

Compiling...

moduleob.cpp

module.cpp

applicat.cpp

brush.cpp

button.cpp

castable.cpp

checkbox.cpp

combobox.cpp

control.cpp

decframe.cpp

decmdifr.cpp

dialog.cpp

dib.cpp

docmanag.cpp

doctpl.cpp

document.cpp

edit.cpp

editfile.cpp

editsear.cpp

editview.cpp

Generating Code...

Compiling...

filedoc.cpp

filtval.cpp

findrepl.cpp

floatfra.cpp

framewin.cpp

groupbox.cpp

hslider.cpp

inputdia.cpp

listbox.cpp

listview.cpp

lookval.cpp

mdichild.cpp

mdiclien.cpp

mdiframe.cpp

memcbox.cpp

menudesc.cpp

opensave.cpp

pictval.cpp

printdia.cpp

printer.cpp

Generating Code...

Compiling...

printout.cpp

radiobut.cpp

rangeval.cpp

scrollba.cpp

scroller.cpp

slider.cpp

static.cpp

tinycapt.cpp

validate.cpp

view.cpp

vslider.cpp

stackwalker.cpp

animctrl.cpp

combobex.cpp

commview.cpp

draglist.cpp

hlpmanag.cpp

fscroll.cpp

ipaddres.cpp

listwind.cpp

Generating Code...

Compiling...

monthcal.cpp

pager.cpp

richedit.cpp

richedv.cpp

richedpr.cpp

shellitm.cpp

shelwapi.cpp

treewind.cpp

tmplinst.cpp

Generating Code...

	link @C:\Users\chrisd\AppData\Local\Temp\nm840D.tmp

Microsoft (R) Incremental Linker Version 8.00.50727.762

Copyright (C) Microsoft Corporation.  All rights reserved.



/filealign:4096 /opt:ref /opt:icf,32 /debug /debugtype:cv /pdb:C:\OWL\bin\owl-630-v8-dt.pdb /dll /version:6.21 /base:0x4F400000 

msvcrtd.lib msvcprtd.lib kernel32.lib gdi32.lib user32.lib uuid.lib shell32.lib advapi32.lib ole32.lib oleaut32.lib 

C:\OWL\Obj\owlv8dti\owlpch.obj C:\OWL\Obj\owlv8dti\appdict.obj C:\OWL\Obj\owlv8dti\bardescr.obj C:\OWL\Obj\owlv8dti\bitmap.obj C:\OWL\Obj\owlv8dti\bitmapga.obj C:\OWL\Obj\owlv8dti\bitset.obj C:\OWL\Obj\owlv8dti\buttonga.obj C:\OWL\Obj\owlv8dti\btntextg.obj C:\OWL\Obj\owlv8dti\celarray.obj C:\OWL\Obj\owlv8dti\checklst.obj C:\OWL\Obj\owlv8dti\chooseco.obj C:\OWL\Obj\owlv8dti\choosefo.obj C:\OWL\Obj\owlv8dti\clipboar.obj C:\OWL\Obj\owlv8dti\clipview.obj C:\OWL\Obj\owlv8dti\cmdline.obj C:\OWL\Obj\owlv8dti\colmnhdr.obj C:\OWL\Obj\owlv8dti\color.obj C:\OWL\Obj\owlv8dti\commctrl.obj C:\OWL\Obj\owlv8dti\commdial.obj C:\OWL\Obj\owlv8dti\configfl.obj C:\OWL\Obj\owlv8dti\controlb.obj C:\OWL\Obj\owlv8dti\controlg.obj C:\OWL\Obj\owlv8dti\createdc.obj C:\OWL\Obj\owlv8dti\cstring.obj C:\OWL\Obj\owlv8dti\cursor.obj C:\OWL\Obj\owlv8dti\date.obj C:\OWL\Obj\owlv8dti\dateio.obj C:\OWL\Obj\owlv8dti\datep.obj C:\OWL\Obj\owlv8dti\datetime.obj C:\OWL\Obj\owlv8dti\dc.obj C:\OWL\Obj\owlv8dti\diaginit.obj C:\OWL\Obj\owlv8dti\dibdc.obj C:\OWL\Obj\owlv8dti\dibitmap.obj C:\OWL\Obj\owlv8dti\dispatch.obj C:\OWL\Obj\owlv8dti\docking.obj C:\OWL\Obj\owlv8dti\drawitem.obj C:\OWL\Obj\owlv8dti\dumpstack.obj C:\OWL\Obj\owlv8dti\eventhan.obj C:\OWL\Obj\owlv8dti\exbase.obj C:\OWL\Obj\owlv8dti\except.obj C:\OWL\Obj\owlv8dti\file.obj C:\OWL\Obj\owlv8dti\filename.obj C:\OWL\Obj\owlv8dti\flatctrl.obj C:\OWL\Obj\owlv8dti\font.obj C:\OWL\Obj\owlv8dti\functor.obj C:\OWL\Obj\owlv8dti\gadget.obj C:\OWL\Obj\owlv8dti\gadgetli.obj C:\OWL\Obj\owlv8dti\gadgetwi.obj C:\OWL\Obj\owlv8dti\gauge.obj C:\OWL\Obj\owlv8dti\gdibase.obj C:\OWL\Obj\owlv8dti\gdiobjec.obj C:\OWL\Obj\owlv8dti\geometrp.obj C:\OWL\Obj\owlv8dti\geometrs.obj C:\OWL\Obj\owlv8dti\geometry.obj C:\OWL\Obj\owlv8dti\glyphbtn.obj C:\OWL\Obj\owlv8dti\hotkey.obj C:\OWL\Obj\owlv8dti\icon.obj C:\OWL\Obj\owlv8dti\imagelst.obj C:\OWL\Obj\owlv8dti\layoutwi.obj C:\OWL\Obj\owlv8dti\locale.obj C:\OWL\Obj\owlv8dti\localeco.obj C:\OWL\Obj\owlv8dti\localeid.obj C:\OWL\Obj\owlv8dti\mailer.obj C:\OWL\Obj\owlv8dti\mci.obj C:\OWL\Obj\owlv8dti\mciwav.obj C:\OWL\Obj\owlv8dti\memory.obj C:\OWL\Obj\owlv8dti\memorydc.obj C:\OWL\Obj\owlv8dti\menu.obj C:\OWL\Obj\owlv8dti\menugadg.obj C:\OWL\Obj\owlv8dti\messageb.obj C:\OWL\Obj\owlv8dti\metafile.obj C:\OWL\Obj\owlv8dti\metafldc.obj C:\OWL\Obj\owlv8dti\modegad.obj C:\OWL\Obj\owlv8dti\modversi.obj C:\OWL\Obj\owlv8dti\msgthred.obj C:\OWL\Obj\owlv8dti\profile.obj C:\OWL\Obj\owlv8dti\notetab.obj C:\OWL\Obj\owlv8dti\objstrm.obj C:\OWL\Obj\owlv8dti\owl.obj C:\OWL\Obj\owlv8dti\paintdc.obj C:\OWL\Obj\owlv8dti\palette.obj C:\OWL\Obj\owlv8dti\panespli.obj C:\OWL\Obj\owlv8dti\pen.obj C:\OWL\Obj\owlv8dti\picker.obj C:\OWL\Obj\owlv8dti\picklist.obj C:\OWL\Obj\owlv8dti\pictwind.obj C:\OWL\Obj\owlv8dti\popupgad.obj C:\OWL\Obj\owlv8dti\preview.obj C:\OWL\Obj\owlv8dti\prevwin.obj C:\OWL\Obj\owlv8dti\printdc.obj C:\OWL\Obj\owlv8dti\propsht.obj C:\OWL\Obj\owlv8dti\psview.obj C:\OWL\Obj\owlv8dti\rcntfile.obj C:\OWL\Obj\owlv8dti\resource.obj C:\OWL\Obj\owlv8dti\regheap.obj C:\OWL\Obj\owlv8dti\region.obj C:\OWL\Obj\owlv8dti\registry.obj C:\OWL\Obj\owlv8dti\reglink.obj C:\OWL\Obj\owlv8dti\rolldial.obj C:\OWL\Obj\owlv8dti\serialze.obj C:\OWL\Obj\owlv8dti\splashwi.obj C:\OWL\Obj\owlv8dti\statusba.obj C:\OWL\Obj\owlv8dti\swindow.obj C:\OWL\Obj\owlv8dti\system.obj C:\OWL\Obj\owlv8dti\tabctrl.obj C:\OWL\Obj\owlv8dti\tabbed.obj C:\OWL\Obj\owlv8dti\textgadg.obj C:\OWL\Obj\owlv8dti\theme.obj C:\OWL\Obj\owlv8dti\thread.obj C:\OWL\Obj\owlv8dti\time.obj C:\OWL\Obj\owlv8dti\timegadg.obj C:\OWL\Obj\owlv8dti\timeio.obj C:\OWL\Obj\owlv8dti\timep.obj C:\OWL\Obj\owlv8dti\toolbox.obj C:\OWL\Obj\owlv8dti\tooltip.obj C:\OWL\Obj\owlv8dti\tracewnd.obj C:\OWL\Obj\owlv8dti\trayicon.obj C:\OWL\Obj\owlv8dti\uiborder.obj C:\OWL\Obj\owlv8dti\uiface.obj C:\OWL\Obj\owlv8dti\uihandle.obj C:\OWL\Obj\owlv8dti\uimetric.obj C:\OWL\Obj\owlv8dti\uipart.obj C:\OWL\Obj\owlv8dti\updown.obj C:\OWL\Obj\owlv8dti\urllink.obj C:\OWL\Obj\owlv8dti\ustring.obj C:\OWL\Obj\owlv8dti\version.obj C:\OWL\Obj\owlv8dti\window.obj C:\OWL\Obj\owlv8dti\windowdc.obj C:\OWL\Obj\owlv8dti\wing.obj C:\OWL\Obj\owlv8dti\winsock.obj C:\OWL\Obj\owlv8dti\wskaddr.obj C:\OWL\Obj\owlv8dti\wskerr.obj C:\OWL\Obj\owlv8dti\wskhostm.obj C:\OWL\Obj\owlv8dti\wsksockm.obj C:\OWL\Obj\owlv8dti\wskservm.obj C:\OWL\Obj\owlv8dti\wsksock.obj C:\OWL\Obj\owlv8dti\wsksockd.obj C:\OWL\Obj\owlv8dti\wsyscls.obj C:\OWL\Obj\owlv8dti\wsysclsp.obj C:\OWL\Obj\owlv8dti\wsysclss.obj C:\OWL\Obj\owlv8dti\compat.obj C:\OWL\Obj\owlv8dti\moduleob.obj C:\OWL\Obj\owlv8dti\module.obj C:\OWL\Obj\owlv8dti\applicat.obj C:\OWL\Obj\owlv8dti\brush.obj C:\OWL\Obj\owlv8dti\button.obj C:\OWL\Obj\owlv8dti\castable.obj C:\OWL\Obj\owlv8dti\checkbox.obj C:\OWL\Obj\owlv8dti\combobox.obj C:\OWL\Obj\owlv8dti\control.obj C:\OWL\Obj\owlv8dti\decframe.obj C:\OWL\Obj\owlv8dti\decmdifr.obj C:\OWL\Obj\owlv8dti\dialog.obj C:\OWL\Obj\owlv8dti\dib.obj C:\OWL\Obj\owlv8dti\docmanag.obj C:\OWL\Obj\owlv8dti\doctpl.obj C:\OWL\Obj\owlv8dti\document.obj C:\OWL\Obj\owlv8dti\edit.obj C:\OWL\Obj\owlv8dti\editfile.obj C:\OWL\Obj\owlv8dti\editsear.obj C:\OWL\Obj\owlv8dti\editview.obj C:\OWL\Obj\owlv8dti\filedoc.obj C:\OWL\Obj\owlv8dti\filtval.obj C:\OWL\Obj\owlv8dti\findrepl.obj C:\OWL\Obj\owlv8dti\floatfra.obj C:\OWL\Obj\owlv8dti\framewin.obj C:\OWL\Obj\owlv8dti\groupbox.obj C:\OWL\Obj\owlv8dti\hslider.obj C:\OWL\Obj\owlv8dti\inputdia.obj C:\OWL\Obj\owlv8dti\listbox.obj C:\OWL\Obj\owlv8dti\listview.obj C:\OWL\Obj\owlv8dti\lookval.obj C:\OWL\Obj\owlv8dti\mdichild.obj C:\OWL\Obj\owlv8dti\mdiclien.obj C:\OWL\Obj\owlv8dti\mdiframe.obj C:\OWL\Obj\owlv8dti\memcbox.obj C:\OWL\Obj\owlv8dti\menudesc.obj C:\OWL\Obj\owlv8dti\opensave.obj C:\OWL\Obj\owlv8dti\pictval.obj C:\OWL\Obj\owlv8dti\printdia.obj C:\OWL\Obj\owlv8dti\printer.obj C:\OWL\Obj\owlv8dti\printout.obj C:\OWL\Obj\owlv8dti\radiobut.obj C:\OWL\Obj\owlv8dti\rangeval.obj C:\OWL\Obj\owlv8dti\scrollba.obj C:\OWL\Obj\owlv8dti\scroller.obj C:\OWL\Obj\owlv8dti\slider.obj C:\OWL\Obj\owlv8dti\static.obj C:\OWL\Obj\owlv8dti\tinycapt.obj C:\OWL\Obj\owlv8dti\validate.obj C:\OWL\Obj\owlv8dti\view.obj C:\OWL\Obj\owlv8dti\vslider.obj C:\OWL\Obj\owlv8dti\stackwalker.obj C:\OWL\Obj\owlv8dti\animctrl.obj C:\OWL\Obj\owlv8dti\combobex.obj C:\OWL\Obj\owlv8dti\commview.obj C:\OWL\Obj\owlv8dti\draglist.obj C:\OWL\Obj\owlv8dti\hlpmanag.obj C:\OWL\Obj\owlv8dti\fscroll.obj C:\OWL\Obj\owlv8dti\ipaddres.obj C:\OWL\Obj\owlv8dti\listwind.obj C:\OWL\Obj\owlv8dti\monthcal.obj C:\OWL\Obj\owlv8dti\pager.obj C:\OWL\Obj\owlv8dti\richedit.obj C:\OWL\Obj\owlv8dti\richedv.obj C:\OWL\Obj\owlv8dti\richedpr.obj C:\OWL\Obj\owlv8dti\shellitm.obj C:\OWL\Obj\owlv8dti\shelwapi.obj C:\OWL\Obj\owlv8dti\treewind.obj C:\OWL\Obj\owlv8dti\tmplinst.obj .\intel\dibblt32.obj .\intel\_128supp.obj C:\OWL\Obj\owlv8dti\checks.obj 

C:\OWL\Obj\owlv8dti\owl.res 

/def:INTEL\owl.def 

/out:C:\OWL\bin\owl-630-v8-dt.dll 

/pdb:C:\OWL\bin\owl-630-v8-dt.pdb 

/map:C:\OWL\Obj\owlv8dti\owl.map 

/implib:C:\OWL\Obj\owlv8dti\_owl.lib 

/ignore:4037 

/ignore:4065 

/ignore:4199 

/filealign:4096 

   Creating library C:\OWL\Obj\owlv8dti\_owl.lib and object C:\OWL\Obj\owlv8dti\_owl.exp

	lib /out:C:\OWL\lib\owl-630-v8-dti.lib    C:\OWL\Obj\owlv8dti\global.obj C:\OWL\Obj\owlv8dti\libmain.obj C:\OWL\Obj\owlv8dti\owlmain.obj C:\OWL\Obj\owlv8dti\initdll.obj C:\OWL\Obj\owlv8dti\winmain.obj C:\OWL\Obj\owlv8dti\main.obj C:\OWL\Obj\owlv8dti\owlpchs.obj C:\OWL\Obj\owlv8dti\_owl.lib

Microsoft (R) Library Manager Version 8.00.50727.762

Copyright (C) Microsoft Corporation.  All rights reserved.




ExitCode: 0
C:\PROGRA~2\MI30EB~1\VC\Bin\VCVARS32.BAT & C:\PROGRA~2\MI30EB~1\VC\Bin\NMake.exe  -f vc.mak   COMPVER=8 COMPROOT=C:\PROGRA~2\MI30EB~1\VC BCROOT=C:\PROGRA~2\MI30EB~1\VC OWLVER=630 WIN32=1 OWLROOT=C:\OWL  NO_OWL1_COMPAT=1 NO_OWL_NATIVECTRL_ALWAYS=1 BI_STD_RTL=1 BI_STD_STRING=1 DLL=1 MT=1 DEBUG=1 DIAGS=2 DEBDEFS="/D__DEBUG=2 /D__TRACE /D__WARN"


C:\OWL\Source\ocf>"C:\Program Files (x86)\Microsoft Visual Studio 8\Common7\Tools\vsvars32.bat"

Setting environment for using Microsoft Visual Studio 2005 x86 tools.

	cl @C:\Users\chrisd\AppData\Local\Temp\nm8F87.tmp

ocfpchs.cpp

	cl @C:\Users\chrisd\AppData\Local\Temp\nm9458.tmp

ocfpch.cpp

	cl /D_OCFPCH /D_OWLPCH /D_X86_ /FoC:\OWL\Obj\ocfv8dti\ /W3 /Zl /EHsc /GR /Gm- /Od  /Zi  /MD /GF /D_MT /IC:\OWL\include /I.\ /DBI_NOINCLUDE_NS_OWL /D_CRT_NONSTDC_NO_DEPRECATE /D_CRT_SECURE_NO_DEPRECATE /D_CRT_NON_CONFORMING_SWPRINTFS /D_SCL_SECURE_NO_WARNINGS /FdC:\OWL\bin\ocf-630-v8-dt.pdb  /D__DEBUG=2 /D__TRACE /D__WARN   /D_DLL /D_BUILDOCFDLL /D_OWLDLL  /D_DLL /Yu"ocf/pch.h" /FpC:\OWL\Obj\ocfv8dti\ocfpch.pch /c version.cpp 

version.cpp

	cl @C:\Users\chrisd\AppData\Local\Temp\nm99F5.tmp

ocguid.cpp

	rc  /r /DWIN32 /D_DEBUG  /D_DEBUG /iC:\OWL\include;C:\OWL\include\owl;C:\OWL\include\ocf /fo C:\OWL\Obj\ocfv8dti\ocf.res ocfall.rc

	cl @C:\Users\chrisd\AppData\Local\Temp\nm9D9E.tmp

appdesc.cpp

autocli.cpp

autodisp.cpp

autoiter.cpp

autostck.cpp

autosrv.cpp

autosym.cpp

autoval.cpp

occtrl.cpp

occtrl.cpp(687) : warning C4244: '=' : conversion from 'UINT' to 'float', possible loss of data

occtrl.cpp(688) : warning C4244: '=' : conversion from 'UINT' to 'float', possible loss of data

occtrl.cpp(757) : warning C4390: ';' : empty controlled statement found; is this the intent?

ocreg.cpp

ocstorag.cpp

oleutil.cpp

oledialg.cpp

oledoc.cpp

oleview.cpp

oleframe.cpp

olemdifr.cpp

olewindo.cpp

stgdoc.cpp

typelib.cpp

Generating Code...

c:\owl\source\ocf\autoval.cpp(742) : warning C4715: 'OCF::TAutoVal::operator _LARGE_INTEGER' : not all control paths return a value

c:\owl\source\ocf\autoval.cpp(749) : warning C4715: 'OCF::TAutoVal::operator _ULARGE_INTEGER' : not all control paths return a value

Compiling...

ocapp.cpp

ocdoc.cpp

ocpart.cpp

ocremvie.cpp

ocdata.cpp

oclink.cpp

ocview.cpp

except.cpp

Generating Code...

	link @C:\Users\chrisd\AppData\Local\Temp\nmA9EE.tmp

Microsoft (R) Incremental Linker Version 8.00.50727.762

Copyright (C) Microsoft Corporation.  All rights reserved.



/filealign:4096 /opt:ref /opt:icf,32 /debug /debugtype:cv /pdb:C:\OWL\bin\ocf-630-v8-dt.pdb /dll /version:6.21 /base:0x4F400000 /LIBPATH:C:\OWL\lib 

msvcrtd.lib msvcprtd.lib kernel32.lib gdi32.lib user32.lib uuid.lib shell32.lib version.lib advapi32.lib ole32.lib oleaut32.lib 

C:\OWL\Obj\ocfv8dti\ocfpch.obj C:\OWL\Obj\ocfv8dti\appdesc.obj C:\OWL\Obj\ocfv8dti\autocli.obj C:\OWL\Obj\ocfv8dti\autodisp.obj C:\OWL\Obj\ocfv8dti\autoiter.obj C:\OWL\Obj\ocfv8dti\autostck.obj C:\OWL\Obj\ocfv8dti\autosrv.obj C:\OWL\Obj\ocfv8dti\autosym.obj C:\OWL\Obj\ocfv8dti\autoval.obj C:\OWL\Obj\ocfv8dti\occtrl.obj C:\OWL\Obj\ocfv8dti\ocreg.obj C:\OWL\Obj\ocfv8dti\ocstorag.obj C:\OWL\Obj\ocfv8dti\oleutil.obj C:\OWL\Obj\ocfv8dti\oledialg.obj C:\OWL\Obj\ocfv8dti\oledoc.obj C:\OWL\Obj\ocfv8dti\oleview.obj C:\OWL\Obj\ocfv8dti\oleframe.obj C:\OWL\Obj\ocfv8dti\olemdifr.obj C:\OWL\Obj\ocfv8dti\olewindo.obj C:\OWL\Obj\ocfv8dti\stgdoc.obj C:\OWL\Obj\ocfv8dti\typelib.obj C:\OWL\Obj\ocfv8dti\ocapp.obj C:\OWL\Obj\ocfv8dti\ocdoc.obj C:\OWL\Obj\ocfv8dti\ocpart.obj C:\OWL\Obj\ocfv8dti\ocremvie.obj C:\OWL\Obj\ocfv8dti\ocdata.obj C:\OWL\Obj\ocfv8dti\oclink.obj C:\OWL\Obj\ocfv8dti\ocview.obj C:\OWL\Obj\ocfv8dti\except.obj C:\OWL\Obj\ocfv8dti\version.obj C:\OWL\Obj\ocfv8dti\ocguid.obj 

C:\OWL\Obj\ocfv8dti\ocf.res 

/def:INTEL\ocf.def 

/out:C:\OWL\bin\ocf-630-v8-dt.dll 

/pdb:C:\OWL\bin\ocf-630-v8-dt.pdb 

/map:C:\OWL\Obj\ocfv8dti\ocf.map 

/implib:C:\OWL\Obj\ocfv8dti\_ocf.lib 

/ignore:4037 

/ignore:4065 

/ignore:4199 

/filealign:4096 

   Creating library C:\OWL\Obj\ocfv8dti\_ocf.lib and object C:\OWL\Obj\ocfv8dti\_ocf.exp

	lib /out:C:\OWL\lib\ocf-630-v8-dti.lib   C:\OWL\Obj\ocfv8dti\ocfpchs.obj C:\OWL\Obj\ocfv8dti\_ocf.lib

Microsoft (R) Library Manager Version 8.00.50727.762

Copyright (C) Microsoft Corporation.  All rights reserved.




ExitCode: 0
